{"E:\\Ronaldo\\Escuela y Trabajo\\proyectos\\Sistema de Notificaciones Electromovilidad\\evcs-backend\\src\\server.ts": {"path":"E:\\Ronaldo\\Escuela y Trabajo\\proyectos\\Sistema de Notificaciones Electromovilidad\\evcs-backend\\src\\server.ts","statementMap":{"0":{"start":{"line":1,"column":0},"end":{"line":1,"column":45}},"1":{"start":{"line":2,"column":0},"end":{"line":2,"column":53}},"2":{"start":{"line":3,"column":0},"end":{"line":3,"column":48}},"3":{"start":{"line":4,"column":0},"end":{"line":4,"column":35}},"4":{"start":{"line":5,"column":0},"end":{"line":5,"column":38}},"5":{"start":{"line":6,"column":0},"end":{"line":6,"column":37}},"6":{"start":{"line":7,"column":0},"end":{"line":7,"column":65}},"7":{"start":{"line":8,"column":0},"end":{"line":8,"column":57}},"8":{"start":{"line":11,"column":0},"end":{"line":11,"column":46}},"9":{"start":{"line":12,"column":0},"end":{"line":12,"column":98}},"10":{"start":{"line":13,"column":0},"end":{"line":13,"column":76}},"11":{"start":{"line":15,"column":12},"end":{"line":15,"column":21}},"12":{"start":{"line":16,"column":0},"end":{"line":16,"column":24}},"13":{"start":{"line":18,"column":0},"end":{"line":20,"column":3}},"14":{"start":{"line":19,"column":2},"end":{"line":19,"column":30}},"15":{"start":{"line":23,"column":0},"end":{"line":23,"column":27}},"16":{"start":{"line":26,"column":2},"end":{"line":31,"column":3}},"17":{"start":{"line":27,"column":4},"end":{"line":27,"column":31}},"18":{"start":{"line":28,"column":4},"end":{"line":28,"column":56}},"19":{"start":{"line":30,"column":4},"end":{"line":30,"column":53}},"20":{"start":{"line":34,"column":0},"end":{"line":34,"column":19}},"21":{"start":{"line":37,"column":0},"end":{"line":43,"column":1}},"22":{"start":{"line":38,"column":2},"end":{"line":38,"column":23}},"23":{"start":{"line":39,"column":2},"end":{"line":39,"column":51}},"24":{"start":{"line":41,"column":2},"end":{"line":41,"column":58}},"25":{"start":{"line":42,"column":2},"end":{"line":42,"column":18}},"26":{"start":{"line":45,"column":13},"end":{"line":45,"column":24}},"27":{"start":{"line":48,"column":0},"end":{"line":48,"column":20}},"28":{"start":{"line":51,"column":0},"end":{"line":55,"column":3}},"29":{"start":{"line":52,"column":2},"end":{"line":52,"column":50}},"30":{"start":{"line":53,"column":2},"end":{"line":53,"column":16}},"31":{"start":{"line":54,"column":2},"end":{"line":54,"column":18}},"32":{"start":{"line":58,"column":0},"end":{"line":58,"column":19}},"33":{"start":{"line":61,"column":0},"end":{"line":64,"column":3}},"34":{"start":{"line":62,"column":2},"end":{"line":62,"column":50}},"35":{"start":{"line":63,"column":2},"end":{"line":63,"column":73}}},"fnMap":{"0":{"name":"(anonymous_1)","decl":{"start":{"line":18,"column":13},"end":{"line":18,"column":14}},"loc":{"start":{"line":18,"column":45},"end":{"line":20,"column":1}}},"1":{"name":"testDBConnection","decl":{"start":{"line":25,"column":15},"end":{"line":25,"column":31}},"loc":{"start":{"line":25,"column":31},"end":{"line":32,"column":1}}},"2":{"name":"(anonymous_3)","decl":{"start":{"line":51,"column":21},"end":{"line":51,"column":24}},"loc":{"start":{"line":51,"column":26},"end":{"line":55,"column":1}}},"3":{"name":"(anonymous_4)","decl":{"start":{"line":61,"column":17},"end":{"line":61,"column":20}},"loc":{"start":{"line":61,"column":22},"end":{"line":64,"column":1}}}},"branchMap":{"0":{"loc":{"start":{"line":12,"column":20},"end":{"line":12,"column":47}},"type":"binary-expr","locations":[{"start":{"line":12,"column":20},"end":{"line":12,"column":36}},{"start":{"line":12,"column":40},"end":{"line":12,"column":47}}]},"1":{"loc":{"start":{"line":12,"column":62},"end":{"line":12,"column":94}},"type":"binary-expr","locations":[{"start":{"line":12,"column":62},"end":{"line":12,"column":83}},{"start":{"line":12,"column":87},"end":{"line":12,"column":94}}]},"2":{"loc":{"start":{"line":13,"column":36},"end":{"line":13,"column":72}},"type":"binary-expr","locations":[{"start":{"line":13,"column":36},"end":{"line":13,"column":61}},{"start":{"line":13,"column":65},"end":{"line":13,"column":72}}]}},"s":{"0":0,"1":0,"2":0,"3":0,"4":0,"5":0,"6":0,"7":0,"8":0,"9":0,"10":0,"11":0,"12":0,"13":0,"14":0,"15":0,"16":0,"17":0,"18":0,"19":0,"20":0,"21":0,"22":0,"23":0,"24":0,"25":0,"26":0,"27":0,"28":0,"29":0,"30":0,"31":0,"32":0,"33":0,"34":0,"35":0},"f":{"0":0,"1":0,"2":0,"3":0},"b":{"0":[0,0],"1":[0,0],"2":[0,0]}}
,"E:\\Ronaldo\\Escuela y Trabajo\\proyectos\\Sistema de Notificaciones Electromovilidad\\evcs-backend\\src\\api\\routes.ts": {"path":"E:\\Ronaldo\\Escuela y Trabajo\\proyectos\\Sistema de Notificaciones Electromovilidad\\evcs-backend\\src\\api\\routes.ts","statementMap":{"0":{"start":{"line":1,"column":0},"end":{"line":1,"column":52}},"1":{"start":{"line":2,"column":0},"end":{"line":2,"column":36}},"2":{"start":{"line":3,"column":0},"end":{"line":3,"column":111}},"3":{"start":{"line":4,"column":0},"end":{"line":4,"column":68}},"4":{"start":{"line":5,"column":0},"end":{"line":5,"column":null}},"5":{"start":{"line":14,"column":0},"end":{"line":14,"column":52}},"6":{"start":{"line":16,"column":15},"end":{"line":16,"column":23}},"7":{"start":{"line":21,"column":0},"end":{"line":23,"column":3}},"8":{"start":{"line":22,"column":2},"end":{"line":22,"column":66}},"9":{"start":{"line":26,"column":0},"end":{"line":28,"column":3}},"10":{"start":{"line":27,"column":2},"end":{"line":27,"column":31}},"11":{"start":{"line":33,"column":0},"end":{"line":44,"column":3}},"12":{"start":{"line":34,"column":2},"end":{"line":43,"column":3}},"13":{"start":{"line":35,"column":25},"end":{"line":35,"column":51}},"14":{"start":{"line":36,"column":4},"end":{"line":39,"column":7}},"15":{"start":{"line":41,"column":4},"end":{"line":41,"column":58}},"16":{"start":{"line":42,"column":4},"end":{"line":42,"column":61}},"17":{"start":{"line":47,"column":0},"end":{"line":61,"column":3}},"18":{"start":{"line":48,"column":2},"end":{"line":60,"column":3}},"19":{"start":{"line":49,"column":19},"end":{"line":49,"column":29}},"20":{"start":{"line":50,"column":24},"end":{"line":50,"column":52}},"21":{"start":{"line":52,"column":4},"end":{"line":54,"column":5}},"22":{"start":{"line":53,"column":6},"end":{"line":53,"column":71}},"23":{"start":{"line":56,"column":4},"end":{"line":56,"column":26}},"24":{"start":{"line":58,"column":4},"end":{"line":58,"column":57}},"25":{"start":{"line":59,"column":4},"end":{"line":59,"column":61}},"26":{"start":{"line":66,"column":0},"end":{"line":78,"column":3}},"27":{"start":{"line":67,"column":2},"end":{"line":77,"column":3}},"28":{"start":{"line":68,"column":18},"end":{"line":68,"column":77}},"29":{"start":{"line":69,"column":25},"end":{"line":69,"column":56}},"30":{"start":{"line":70,"column":4},"end":{"line":73,"column":7}},"31":{"start":{"line":75,"column":4},"end":{"line":75,"column":57}},"32":{"start":{"line":76,"column":4},"end":{"line":76,"column":61}},"33":{"start":{"line":81,"column":0},"end":{"line":96,"column":3}},"34":{"start":{"line":82,"column":2},"end":{"line":95,"column":3}},"35":{"start":{"line":83,"column":21},"end":{"line":83,"column":31}},"36":{"start":{"line":84,"column":18},"end":{"line":84,"column":76}},"37":{"start":{"line":85,"column":25},"end":{"line":85,"column":72}},"38":{"start":{"line":87,"column":4},"end":{"line":91,"column":7}},"39":{"start":{"line":93,"column":4},"end":{"line":93,"column":57}},"40":{"start":{"line":94,"column":4},"end":{"line":94,"column":61}},"41":{"start":{"line":99,"column":0},"end":{"line":138,"column":3}},"42":{"start":{"line":100,"column":2},"end":{"line":137,"column":3}},"43":{"start":{"line":101,"column":22},"end":{"line":101,"column":32}},"44":{"start":{"line":102,"column":30},"end":{"line":102,"column":69}},"45":{"start":{"line":104,"column":4},"end":{"line":109,"column":5}},"46":{"start":{"line":105,"column":6},"end":{"line":108,"column":9}},"47":{"start":{"line":112,"column":30},"end":{"line":112,"column":78}},"48":{"start":{"line":113,"column":28},"end":{"line":113,"column":79}},"49":{"start":{"line":115,"column":4},"end":{"line":133,"column":7}},"50":{"start":{"line":135,"column":4},"end":{"line":135,"column":65}},"51":{"start":{"line":136,"column":4},"end":{"line":136,"column":61}},"52":{"start":{"line":143,"column":0},"end":{"line":154,"column":3}},"53":{"start":{"line":144,"column":2},"end":{"line":153,"column":3}},"54":{"start":{"line":145,"column":18},"end":{"line":145,"column":37}},"55":{"start":{"line":146,"column":4},"end":{"line":149,"column":7}},"56":{"start":{"line":151,"column":4},"end":{"line":151,"column":50}},"57":{"start":{"line":152,"column":4},"end":{"line":152,"column":61}},"58":{"start":{"line":157,"column":0},"end":{"line":171,"column":3}},"59":{"start":{"line":158,"column":2},"end":{"line":170,"column":3}},"60":{"start":{"line":159,"column":22},"end":{"line":159,"column":32}},"61":{"start":{"line":160,"column":17},"end":{"line":160,"column":42}},"62":{"start":{"line":162,"column":4},"end":{"line":164,"column":5}},"63":{"start":{"line":163,"column":6},"end":{"line":163,"column":63}},"64":{"start":{"line":166,"column":4},"end":{"line":166,"column":19}},"65":{"start":{"line":168,"column":4},"end":{"line":168,"column":49}},"66":{"start":{"line":169,"column":4},"end":{"line":169,"column":61}},"67":{"start":{"line":176,"column":0},"end":{"line":201,"column":3}},"68":{"start":{"line":177,"column":2},"end":{"line":200,"column":3}},"69":{"start":{"line":178,"column":30},"end":{"line":178,"column":38}},"70":{"start":{"line":180,"column":4},"end":{"line":184,"column":5}},"71":{"start":{"line":181,"column":6},"end":{"line":183,"column":9}},"72":{"start":{"line":186,"column":19},"end":{"line":186,"column":63}},"73":{"start":{"line":188,"column":4},"end":{"line":196,"column":5}},"74":{"start":{"line":189,"column":6},"end":{"line":191,"column":9}},"75":{"start":{"line":193,"column":6},"end":{"line":195,"column":9}},"76":{"start":{"line":198,"column":4},"end":{"line":198,"column":53}},"77":{"start":{"line":199,"column":4},"end":{"line":199,"column":61}},"78":{"start":{"line":204,"column":0},"end":{"line":230,"column":3}},"79":{"start":{"line":205,"column":2},"end":{"line":229,"column":3}},"80":{"start":{"line":206,"column":35},"end":{"line":206,"column":43}},"81":{"start":{"line":208,"column":4},"end":{"line":212,"column":5}},"82":{"start":{"line":209,"column":6},"end":{"line":211,"column":9}},"83":{"start":{"line":214,"column":19},"end":{"line":214,"column":77}},"84":{"start":{"line":216,"column":4},"end":{"line":225,"column":5}},"85":{"start":{"line":217,"column":6},"end":{"line":220,"column":9}},"86":{"start":{"line":222,"column":6},"end":{"line":224,"column":9}},"87":{"start":{"line":227,"column":4},"end":{"line":227,"column":56}},"88":{"start":{"line":228,"column":4},"end":{"line":228,"column":61}},"89":{"start":{"line":235,"column":0},"end":{"line":250,"column":3}},"90":{"start":{"line":236,"column":2},"end":{"line":249,"column":3}},"91":{"start":{"line":237,"column":18},"end":{"line":237,"column":76}},"92":{"start":{"line":238,"column":19},"end":{"line":240,"column":null}},"93":{"start":{"line":242,"column":4},"end":{"line":245,"column":7}},"94":{"start":{"line":247,"column":4},"end":{"line":247,"column":62}},"95":{"start":{"line":248,"column":4},"end":{"line":248,"column":61}},"96":{"start":{"line":253,"column":0},"end":{"line":275,"column":3}},"97":{"start":{"line":254,"column":2},"end":{"line":274,"column":3}},"98":{"start":{"line":255,"column":23},"end":{"line":255,"column":33}},"99":{"start":{"line":256,"column":18},"end":{"line":256,"column":76}},"100":{"start":{"line":258,"column":19},"end":{"line":263,"column":null}},"101":{"start":{"line":266,"column":4},"end":{"line":270,"column":7}},"102":{"start":{"line":272,"column":4},"end":{"line":272,"column":62}},"103":{"start":{"line":273,"column":4},"end":{"line":273,"column":61}},"104":{"start":{"line":280,"column":0},"end":{"line":295,"column":3}},"105":{"start":{"line":281,"column":2},"end":{"line":294,"column":3}},"106":{"start":{"line":282,"column":18},"end":{"line":282,"column":77}},"107":{"start":{"line":283,"column":21},"end":{"line":285,"column":null}},"108":{"start":{"line":287,"column":4},"end":{"line":290,"column":7}},"109":{"start":{"line":292,"column":4},"end":{"line":292,"column":63}},"110":{"start":{"line":293,"column":4},"end":{"line":293,"column":61}},"111":{"start":{"line":297,"column":0},"end":{"line":297,"column":22}}},"fnMap":{"0":{"name":"(anonymous_0)","decl":{"start":{"line":21,"column":22},"end":{"line":21,"column":23}},"loc":{"start":{"line":21,"column":54},"end":{"line":23,"column":1}}},"1":{"name":"(anonymous_1)","decl":{"start":{"line":26,"column":30},"end":{"line":26,"column":31}},"loc":{"start":{"line":26,"column":62},"end":{"line":28,"column":1}}},"2":{"name":"(anonymous_2)","decl":{"start":{"line":33,"column":29},"end":{"line":33,"column":34}},"loc":{"start":{"line":33,"column":67},"end":{"line":44,"column":1}}},"3":{"name":"(anonymous_3)","decl":{"start":{"line":47,"column":33},"end":{"line":47,"column":38}},"loc":{"start":{"line":47,"column":71},"end":{"line":61,"column":1}}},"4":{"name":"(anonymous_4)","decl":{"start":{"line":66,"column":28},"end":{"line":66,"column":33}},"loc":{"start":{"line":66,"column":66},"end":{"line":78,"column":1}}},"5":{"name":"(anonymous_5)","decl":{"start":{"line":81,"column":48},"end":{"line":81,"column":53}},"loc":{"start":{"line":81,"column":86},"end":{"line":96,"column":1}}},"6":{"name":"(anonymous_6)","decl":{"start":{"line":99,"column":43},"end":{"line":99,"column":48}},"loc":{"start":{"line":99,"column":81},"end":{"line":138,"column":1}}},"7":{"name":"(anonymous_7)","decl":{"start":{"line":143,"column":21},"end":{"line":143,"column":26}},"loc":{"start":{"line":143,"column":59},"end":{"line":154,"column":1}}},"8":{"name":"(anonymous_8)","decl":{"start":{"line":157,"column":28},"end":{"line":157,"column":33}},"loc":{"start":{"line":157,"column":66},"end":{"line":171,"column":1}}},"9":{"name":"(anonymous_9)","decl":{"start":{"line":176,"column":45},"end":{"line":176,"column":50}},"loc":{"start":{"line":176,"column":83},"end":{"line":201,"column":1}}},"10":{"name":"(anonymous_10)","decl":{"start":{"line":204,"column":35},"end":{"line":204,"column":40}},"loc":{"start":{"line":204,"column":73},"end":{"line":230,"column":1}}},"11":{"name":"(anonymous_11)","decl":{"start":{"line":235,"column":34},"end":{"line":235,"column":39}},"loc":{"start":{"line":235,"column":72},"end":{"line":250,"column":1}}},"12":{"name":"(anonymous_12)","decl":{"start":{"line":253,"column":47},"end":{"line":253,"column":52}},"loc":{"start":{"line":253,"column":85},"end":{"line":275,"column":1}}},"13":{"name":"(anonymous_13)","decl":{"start":{"line":280,"column":35},"end":{"line":280,"column":40}},"loc":{"start":{"line":280,"column":73},"end":{"line":295,"column":1}}}},"branchMap":{"0":{"loc":{"start":{"line":52,"column":4},"end":{"line":54,"column":5}},"type":"if","locations":[{"start":{"line":52,"column":4},"end":{"line":54,"column":5}}]},"1":{"loc":{"start":{"line":68,"column":18},"end":{"line":68,"column":77}},"type":"cond-expr","locations":[{"start":{"line":68,"column":36},"end":{"line":68,"column":71}},{"start":{"line":68,"column":74},"end":{"line":68,"column":77}}]},"2":{"loc":{"start":{"line":84,"column":18},"end":{"line":84,"column":76}},"type":"cond-expr","locations":[{"start":{"line":84,"column":36},"end":{"line":84,"column":71}},{"start":{"line":84,"column":74},"end":{"line":84,"column":76}}]},"3":{"loc":{"start":{"line":104,"column":4},"end":{"line":109,"column":5}},"type":"if","locations":[{"start":{"line":104,"column":4},"end":{"line":109,"column":5}}]},"4":{"loc":{"start":{"line":129,"column":34},"end":{"line":129,"column":70}},"type":"binary-expr","locations":[{"start":{"line":129,"column":34},"end":{"line":129,"column":65}},{"start":{"line":129,"column":69},"end":{"line":129,"column":70}}]},"5":{"loc":{"start":{"line":162,"column":4},"end":{"line":164,"column":5}},"type":"if","locations":[{"start":{"line":162,"column":4},"end":{"line":164,"column":5}}]},"6":{"loc":{"start":{"line":180,"column":4},"end":{"line":184,"column":5}},"type":"if","locations":[{"start":{"line":180,"column":4},"end":{"line":184,"column":5}}]},"7":{"loc":{"start":{"line":180,"column":8},"end":{"line":180,"column":25}},"type":"binary-expr","locations":[{"start":{"line":180,"column":8},"end":{"line":180,"column":15}},{"start":{"line":180,"column":19},"end":{"line":180,"column":25}}]},"8":{"loc":{"start":{"line":188,"column":4},"end":{"line":196,"column":5}},"type":"if","locations":[{"start":{"line":188,"column":4},"end":{"line":196,"column":5}},{"start":{"line":192,"column":11},"end":{"line":196,"column":5}}]},"9":{"loc":{"start":{"line":194,"column":15},"end":{"line":194,"column":57}},"type":"binary-expr","locations":[{"start":{"line":194,"column":15},"end":{"line":194,"column":27}},{"start":{"line":194,"column":31},"end":{"line":194,"column":57}}]},"10":{"loc":{"start":{"line":208,"column":4},"end":{"line":212,"column":5}},"type":"if","locations":[{"start":{"line":208,"column":4},"end":{"line":212,"column":5}}]},"11":{"loc":{"start":{"line":208,"column":8},"end":{"line":208,"column":33}},"type":"binary-expr","locations":[{"start":{"line":208,"column":8},"end":{"line":208,"column":14}},{"start":{"line":208,"column":18},"end":{"line":208,"column":23}},{"start":{"line":208,"column":27},"end":{"line":208,"column":33}}]},"12":{"loc":{"start":{"line":216,"column":4},"end":{"line":225,"column":5}},"type":"if","locations":[{"start":{"line":216,"column":4},"end":{"line":225,"column":5}},{"start":{"line":221,"column":11},"end":{"line":225,"column":5}}]},"13":{"loc":{"start":{"line":237,"column":18},"end":{"line":237,"column":76}},"type":"cond-expr","locations":[{"start":{"line":237,"column":36},"end":{"line":237,"column":71}},{"start":{"line":237,"column":74},"end":{"line":237,"column":76}}]},"14":{"loc":{"start":{"line":256,"column":18},"end":{"line":256,"column":76}},"type":"cond-expr","locations":[{"start":{"line":256,"column":36},"end":{"line":256,"column":71}},{"start":{"line":256,"column":74},"end":{"line":256,"column":76}}]},"15":{"loc":{"start":{"line":282,"column":18},"end":{"line":282,"column":77}},"type":"cond-expr","locations":[{"start":{"line":282,"column":36},"end":{"line":282,"column":71}},{"start":{"line":282,"column":74},"end":{"line":282,"column":77}}]}},"s":{"0":0,"1":0,"2":0,"3":0,"4":0,"5":0,"6":0,"7":0,"8":0,"9":0,"10":0,"11":0,"12":0,"13":0,"14":0,"15":0,"16":0,"17":0,"18":0,"19":0,"20":0,"21":0,"22":0,"23":0,"24":0,"25":0,"26":0,"27":0,"28":0,"29":0,"30":0,"31":0,"32":0,"33":0,"34":0,"35":0,"36":0,"37":0,"38":0,"39":0,"40":0,"41":0,"42":0,"43":0,"44":0,"45":0,"46":0,"47":0,"48":0,"49":0,"50":0,"51":0,"52":0,"53":0,"54":0,"55":0,"56":0,"57":0,"58":0,"59":0,"60":0,"61":0,"62":0,"63":0,"64":0,"65":0,"66":0,"67":0,"68":0,"69":0,"70":0,"71":0,"72":0,"73":0,"74":0,"75":0,"76":0,"77":0,"78":0,"79":0,"80":0,"81":0,"82":0,"83":0,"84":0,"85":0,"86":0,"87":0,"88":0,"89":0,"90":0,"91":0,"92":0,"93":0,"94":0,"95":0,"96":0,"97":0,"98":0,"99":0,"100":0,"101":0,"102":0,"103":0,"104":0,"105":0,"106":0,"107":0,"108":0,"109":0,"110":0,"111":0},"f":{"0":0,"1":0,"2":0,"3":0,"4":0,"5":0,"6":0,"7":0,"8":0,"9":0,"10":0,"11":0,"12":0,"13":0},"b":{"0":[0],"1":[0,0],"2":[0,0],"3":[0],"4":[0,0],"5":[0],"6":[0],"7":[0,0],"8":[0,0],"9":[0,0],"10":[0],"11":[0,0,0],"12":[0,0],"13":[0,0],"14":[0,0],"15":[0,0]}}
,"E:\\Ronaldo\\Escuela y Trabajo\\proyectos\\Sistema de Notificaciones Electromovilidad\\evcs-backend\\src\\config\\env.ts": {"path":"E:\\Ronaldo\\Escuela y Trabajo\\proyectos\\Sistema de Notificaciones Electromovilidad\\evcs-backend\\src\\config\\env.ts","statementMap":{"0":{"start":{"line":1,"column":0},"end":{"line":1,"column":28}},"1":{"start":{"line":3,"column":0},"end":{"line":3,"column":16}},"2":{"start":{"line":5,"column":13},"end":{"line":46,"column":2}},"3":{"start":{"line":49,"column":0},"end":{"line":53,"column":1}},"4":{"start":{"line":50,"column":2},"end":{"line":52,"column":3}},"5":{"start":{"line":51,"column":4},"end":{"line":51,"column":67}}},"fnMap":{},"branchMap":{"0":{"loc":{"start":{"line":7,"column":17},"end":{"line":7,"column":43}},"type":"binary-expr","locations":[{"start":{"line":7,"column":17},"end":{"line":7,"column":33}},{"start":{"line":7,"column":37},"end":{"line":7,"column":43}}]},"1":{"loc":{"start":{"line":8,"column":21},"end":{"line":8,"column":52}},"type":"binary-expr","locations":[{"start":{"line":8,"column":21},"end":{"line":8,"column":42}},{"start":{"line":8,"column":46},"end":{"line":8,"column":52}}]},"2":{"loc":{"start":{"line":9,"column":11},"end":{"line":9,"column":48}},"type":"binary-expr","locations":[{"start":{"line":9,"column":11},"end":{"line":9,"column":31}},{"start":{"line":9,"column":35},"end":{"line":9,"column":48}}]},"3":{"loc":{"start":{"line":13,"column":10},"end":{"line":13,"column":44}},"type":"binary-expr","locations":[{"start":{"line":13,"column":10},"end":{"line":13,"column":29}},{"start":{"line":13,"column":33},"end":{"line":13,"column":44}}]},"4":{"loc":{"start":{"line":14,"column":10},"end":{"line":14,"column":39}},"type":"binary-expr","locations":[{"start":{"line":14,"column":10},"end":{"line":14,"column":29}},{"start":{"line":14,"column":33},"end":{"line":14,"column":39}}]},"5":{"loc":{"start":{"line":15,"column":14},"end":{"line":15,"column":50}},"type":"binary-expr","locations":[{"start":{"line":15,"column":14},"end":{"line":15,"column":37}},{"start":{"line":15,"column":41},"end":{"line":15,"column":50}}]},"6":{"loc":{"start":{"line":16,"column":14},"end":{"line":16,"column":50}},"type":"binary-expr","locations":[{"start":{"line":16,"column":14},"end":{"line":16,"column":37}},{"start":{"line":16,"column":41},"end":{"line":16,"column":50}}]},"7":{"loc":{"start":{"line":21,"column":10},"end":{"line":21,"column":50}},"type":"binary-expr","locations":[{"start":{"line":21,"column":10},"end":{"line":21,"column":35}},{"start":{"line":21,"column":39},"end":{"line":21,"column":50}}]},"8":{"loc":{"start":{"line":22,"column":10},"end":{"line":22,"column":46}},"type":"binary-expr","locations":[{"start":{"line":22,"column":10},"end":{"line":22,"column":35}},{"start":{"line":22,"column":39},"end":{"line":22,"column":46}}]},"9":{"loc":{"start":{"line":23,"column":14},"end":{"line":23,"column":56}},"type":"binary-expr","locations":[{"start":{"line":23,"column":14},"end":{"line":23,"column":43}},{"start":{"line":23,"column":47},"end":{"line":23,"column":56}}]},"10":{"loc":{"start":{"line":24,"column":14},"end":{"line":24,"column":56}},"type":"binary-expr","locations":[{"start":{"line":24,"column":14},"end":{"line":24,"column":43}},{"start":{"line":24,"column":47},"end":{"line":24,"column":56}}]},"11":{"loc":{"start":{"line":29,"column":21},"end":{"line":29,"column":91}},"type":"binary-expr","locations":[{"start":{"line":29,"column":21},"end":{"line":29,"column":58}},{"start":{"line":29,"column":62},"end":{"line":29,"column":91}}]},"12":{"loc":{"start":{"line":32,"column":15},"end":{"line":32,"column":47}},"type":"binary-expr","locations":[{"start":{"line":32,"column":15},"end":{"line":32,"column":41}},{"start":{"line":32,"column":45},"end":{"line":32,"column":47}}]},"13":{"loc":{"start":{"line":37,"column":25},"end":{"line":37,"column":66}},"type":"binary-expr","locations":[{"start":{"line":37,"column":25},"end":{"line":37,"column":56}},{"start":{"line":37,"column":60},"end":{"line":37,"column":66}}]},"14":{"loc":{"start":{"line":41,"column":12},"end":{"line":41,"column":43}},"type":"binary-expr","locations":[{"start":{"line":41,"column":12},"end":{"line":41,"column":33}},{"start":{"line":41,"column":37},"end":{"line":41,"column":43}}]},"15":{"loc":{"start":{"line":49,"column":0},"end":{"line":53,"column":1}},"type":"if","locations":[{"start":{"line":49,"column":0},"end":{"line":53,"column":1}}]},"16":{"loc":{"start":{"line":50,"column":2},"end":{"line":52,"column":3}},"type":"if","locations":[{"start":{"line":50,"column":2},"end":{"line":52,"column":3}}]}},"s":{"0":0,"1":0,"2":0,"3":0,"4":0,"5":0},"f":{},"b":{"0":[0,0],"1":[0,0],"2":[0,0],"3":[0,0],"4":[0,0],"5":[0,0],"6":[0,0],"7":[0,0],"8":[0,0],"9":[0,0],"10":[0,0],"11":[0,0],"12":[0,0],"13":[0,0],"14":[0,0],"15":[0],"16":[0]}}
,"E:\\Ronaldo\\Escuela y Trabajo\\proyectos\\Sistema de Notificaciones Electromovilidad\\evcs-backend\\src\\ocpp\\handlers.ts": {"path":"E:\\Ronaldo\\Escuela y Trabajo\\proyectos\\Sistema de Notificaciones Electromovilidad\\evcs-backend\\src\\ocpp\\handlers.ts","statementMap":{"0":{"start":{"line":3,"column":0},"end":{"line":3,"column":7}},"1":{"start":{"line":13,"column":0},"end":{"line":13,"column":7}},"2":{"start":{"line":1,"column":0},"end":{"line":1,"column":68}},"3":{"start":{"line":4,"column":2},"end":{"line":4,"column":63}},"4":{"start":{"line":6,"column":2},"end":{"line":10,"column":4}},"5":{"start":{"line":14,"column":2},"end":{"line":14,"column":66}},"6":{"start":{"line":18,"column":26},"end":{"line":18,"column":51}},"7":{"start":{"line":20,"column":2},"end":{"line":32,"column":3}},"8":{"start":{"line":21,"column":4},"end":{"line":25,"column":7}},"9":{"start":{"line":26,"column":9},"end":{"line":32,"column":3}},"10":{"start":{"line":27,"column":4},"end":{"line":31,"column":7}},"11":{"start":{"line":36,"column":2},"end":{"line":38,"column":4}}},"fnMap":{"0":{"name":"handleBootNotification","decl":{"start":{"line":3,"column":22},"end":{"line":3,"column":44}},"loc":{"start":{"line":3,"column":80},"end":{"line":11,"column":1}}},"1":{"name":"handleStartStop","decl":{"start":{"line":13,"column":22},"end":{"line":13,"column":37}},"loc":{"start":{"line":13,"column":97},"end":{"line":39,"column":1}}}},"branchMap":{"0":{"loc":{"start":{"line":20,"column":2},"end":{"line":32,"column":3}},"type":"if","locations":[{"start":{"line":20,"column":2},"end":{"line":32,"column":3}},{"start":{"line":26,"column":9},"end":{"line":32,"column":3}}]},"1":{"loc":{"start":{"line":26,"column":9},"end":{"line":32,"column":3}},"type":"if","locations":[{"start":{"line":26,"column":9},"end":{"line":32,"column":3}}]}},"s":{"0":0,"1":0,"2":0,"3":0,"4":0,"5":0,"6":0,"7":0,"8":0,"9":0,"10":0,"11":0},"f":{"0":0,"1":0},"b":{"0":[0,0],"1":[0]}}
,"E:\\Ronaldo\\Escuela y Trabajo\\proyectos\\Sistema de Notificaciones Electromovilidad\\evcs-backend\\src\\services\\db.ts": {"path":"E:\\Ronaldo\\Escuela y Trabajo\\proyectos\\Sistema de Notificaciones Electromovilidad\\evcs-backend\\src\\services\\db.ts","statementMap":{"0":{"start":{"line":1,"column":0},"end":{"line":1,"column":35}},"1":{"start":{"line":2,"column":0},"end":{"line":2,"column":39}},"2":{"start":{"line":4,"column":13},"end":{"line":14,"column":3}},"3":{"start":{"line":17,"column":0},"end":{"line":24,"column":5}},"4":{"start":{"line":19,"column":4},"end":{"line":19,"column":60}},"5":{"start":{"line":20,"column":4},"end":{"line":20,"column":19}},"6":{"start":{"line":23,"column":4},"end":{"line":23,"column":66}}},"fnMap":{"0":{"name":"(anonymous_1)","decl":{"start":{"line":18,"column":8},"end":{"line":18,"column":9}},"loc":{"start":{"line":18,"column":17},"end":{"line":21,"column":3}}},"1":{"name":"(anonymous_2)","decl":{"start":{"line":22,"column":9},"end":{"line":22,"column":10}},"loc":{"start":{"line":22,"column":19},"end":{"line":24,"column":3}}}},"branchMap":{},"s":{"0":0,"1":0,"2":0,"3":0,"4":0,"5":0,"6":0},"f":{"0":0,"1":0},"b":{}}
,"E:\\Ronaldo\\Escuela y Trabajo\\proyectos\\Sistema de Notificaciones Electromovilidad\\evcs-backend\\src\\services\\firebase.ts": {"path":"E:\\Ronaldo\\Escuela y Trabajo\\proyectos\\Sistema de Notificaciones Electromovilidad\\evcs-backend\\src\\services\\firebase.ts","statementMap":{"0":{"start":{"line":10,"column":0},"end":{"line":10,"column":16}},"1":{"start":{"line":38,"column":0},"end":{"line":38,"column":7}},"2":{"start":{"line":84,"column":0},"end":{"line":84,"column":7}},"3":{"start":{"line":167,"column":0},"end":{"line":167,"column":7}},"4":{"start":{"line":191,"column":0},"end":{"line":191,"column":7}},"5":{"start":{"line":1,"column":0},"end":{"line":1,"column":7}},"6":{"start":{"line":209,"column":9},"end":{"line":1,"column":35}},"7":{"start":{"line":2,"column":0},"end":{"line":2,"column":39}},"8":{"start":{"line":8,"column":40},"end":{"line":8,"column":44}},"9":{"start":{"line":11,"column":2},"end":{"line":14,"column":3}},"10":{"start":{"line":12,"column":4},"end":{"line":12,"column":46}},"11":{"start":{"line":13,"column":4},"end":{"line":13,"column":23}},"12":{"start":{"line":16,"column":2},"end":{"line":32,"column":3}},"13":{"start":{"line":17,"column":28},"end":{"line":17,"column":59}},"14":{"start":{"line":19,"column":4},"end":{"line":21,"column":5}},"15":{"start":{"line":20,"column":6},"end":{"line":20,"column":66}},"16":{"start":{"line":23,"column":4},"end":{"line":25,"column":7}},"17":{"start":{"line":27,"column":4},"end":{"line":27,"column":67}},"18":{"start":{"line":28,"column":4},"end":{"line":28,"column":23}},"19":{"start":{"line":30,"column":4},"end":{"line":30,"column":70}},"20":{"start":{"line":31,"column":4},"end":{"line":31,"column":16}},"21":{"start":{"line":49,"column":2},"end":{"line":51,"column":3}},"22":{"start":{"line":50,"column":4},"end":{"line":50,"column":25}},"23":{"start":{"line":53,"column":18},"end":{"line":63,"column":4}},"24":{"start":{"line":65,"column":2},"end":{"line":78,"column":3}},"25":{"start":{"line":66,"column":21},"end":{"line":66,"column":58}},"26":{"start":{"line":67,"column":4},"end":{"line":67,"column":66}},"27":{"start":{"line":68,"column":4},"end":{"line":71,"column":6}},"28":{"start":{"line":73,"column":4},"end":{"line":73,"column":59}},"29":{"start":{"line":74,"column":4},"end":{"line":77,"column":6}},"30":{"start":{"line":95,"column":2},"end":{"line":97,"column":3}},"31":{"start":{"line":96,"column":4},"end":{"line":96,"column":25}},"32":{"start":{"line":99,"column":2},"end":{"line":105,"column":3}},"33":{"start":{"line":100,"column":4},"end":{"line":100,"column":64}},"34":{"start":{"line":101,"column":4},"end":{"line":104,"column":6}},"35":{"start":{"line":107,"column":18},"end":{"line":116,"column":4}},"36":{"start":{"line":118,"column":2},"end":{"line":161,"column":3}},"37":{"start":{"line":120,"column":20},"end":{"line":120,"column":22}},"38":{"start":{"line":121,"column":23},"end":{"line":121,"column":24}},"39":{"start":{"line":122,"column":23},"end":{"line":122,"column":24}},"40":{"start":{"line":124,"column":4},"end":{"line":136,"column":5}},"41":{"start":{"line":125,"column":6},"end":{"line":135,"column":7}},"42":{"start":{"line":126,"column":25},"end":{"line":129,"column":17}},"43":{"start":{"line":130,"column":8},"end":{"line":130,"column":68}},"44":{"start":{"line":131,"column":8},"end":{"line":131,"column":23}},"45":{"start":{"line":133,"column":8},"end":{"line":133,"column":70}},"46":{"start":{"line":134,"column":8},"end":{"line":134,"column":23}},"47":{"start":{"line":138,"column":4},"end":{"line":138,"column":79}},"48":{"start":{"line":140,"column":4},"end":{"line":147,"column":5}},"49":{"start":{"line":141,"column":6},"end":{"line":141,"column":49}},"50":{"start":{"line":142,"column":6},"end":{"line":146,"column":9}},"51":{"start":{"line":143,"column":8},"end":{"line":145,"column":9}},"52":{"start":{"line":144,"column":10},"end":{"line":144,"column":66}},"53":{"start":{"line":149,"column":4},"end":{"line":154,"column":6}},"54":{"start":{"line":156,"column":4},"end":{"line":156,"column":69}},"55":{"start":{"line":157,"column":4},"end":{"line":160,"column":6}},"56":{"start":{"line":168,"column":2},"end":{"line":170,"column":3}},"57":{"start":{"line":169,"column":4},"end":{"line":169,"column":25}},"58":{"start":{"line":172,"column":2},"end":{"line":185,"column":3}},"59":{"start":{"line":173,"column":21},"end":{"line":173,"column":76}},"60":{"start":{"line":174,"column":4},"end":{"line":174,"column":57}},"61":{"start":{"line":175,"column":4},"end":{"line":178,"column":6}},"62":{"start":{"line":180,"column":4},"end":{"line":180,"column":58}},"63":{"start":{"line":181,"column":4},"end":{"line":184,"column":6}},"64":{"start":{"line":192,"column":2},"end":{"line":194,"column":3}},"65":{"start":{"line":193,"column":4},"end":{"line":193,"column":25}},"66":{"start":{"line":196,"column":2},"end":{"line":206,"column":3}},"67":{"start":{"line":198,"column":4},"end":{"line":201,"column":14}},"68":{"start":{"line":202,"column":4},"end":{"line":202,"column":16}},"69":{"start":{"line":204,"column":4},"end":{"line":204,"column":57}},"70":{"start":{"line":205,"column":4},"end":{"line":205,"column":17}}},"fnMap":{"0":{"name":"initializeFirebase","decl":{"start":{"line":10,"column":16},"end":{"line":10,"column":34}},"loc":{"start":{"line":10,"column":34},"end":{"line":33,"column":1}}},"1":{"name":"sendPushNotificationFirebase","decl":{"start":{"line":38,"column":22},"end":{"line":38,"column":50}},"loc":{"start":{"line":48,"column":1},"end":{"line":79,"column":1}}},"2":{"name":"sendMulticastNotification","decl":{"start":{"line":84,"column":22},"end":{"line":84,"column":47}},"loc":{"start":{"line":94,"column":1},"end":{"line":162,"column":1}}},"3":{"name":"(anonymous_4)","decl":{"start":{"line":142,"column":22},"end":{"line":142,"column":23}},"loc":{"start":{"line":142,"column":36},"end":{"line":146,"column":7}}},"4":{"name":"subscribeToTopic","decl":{"start":{"line":167,"column":22},"end":{"line":167,"column":38}},"loc":{"start":{"line":167,"column":70},"end":{"line":186,"column":1}}},"5":{"name":"isValidToken","decl":{"start":{"line":191,"column":22},"end":{"line":191,"column":34}},"loc":{"start":{"line":191,"column":48},"end":{"line":207,"column":1}}}},"branchMap":{"0":{"loc":{"start":{"line":11,"column":2},"end":{"line":14,"column":3}},"type":"if","locations":[{"start":{"line":11,"column":2},"end":{"line":14,"column":3}}]},"1":{"loc":{"start":{"line":19,"column":4},"end":{"line":21,"column":5}},"type":"if","locations":[{"start":{"line":19,"column":4},"end":{"line":21,"column":5}}]},"2":{"loc":{"start":{"line":42,"column":2},"end":{"line":42,"column":11}},"type":"default-arg","locations":[{"start":{"line":42,"column":9},"end":{"line":42,"column":11}}]},"3":{"loc":{"start":{"line":49,"column":2},"end":{"line":51,"column":3}},"type":"if","locations":[{"start":{"line":49,"column":2},"end":{"line":51,"column":3}}]},"4":{"loc":{"start":{"line":88,"column":2},"end":{"line":88,"column":11}},"type":"default-arg","locations":[{"start":{"line":88,"column":9},"end":{"line":88,"column":11}}]},"5":{"loc":{"start":{"line":95,"column":2},"end":{"line":97,"column":3}},"type":"if","locations":[{"start":{"line":95,"column":2},"end":{"line":97,"column":3}}]},"6":{"loc":{"start":{"line":99,"column":2},"end":{"line":105,"column":3}},"type":"if","locations":[{"start":{"line":99,"column":2},"end":{"line":105,"column":3}}]},"7":{"loc":{"start":{"line":140,"column":4},"end":{"line":147,"column":5}},"type":"if","locations":[{"start":{"line":140,"column":4},"end":{"line":147,"column":5}}]},"8":{"loc":{"start":{"line":143,"column":8},"end":{"line":145,"column":9}},"type":"if","locations":[{"start":{"line":143,"column":8},"end":{"line":145,"column":9}}]},"9":{"loc":{"start":{"line":168,"column":2},"end":{"line":170,"column":3}},"type":"if","locations":[{"start":{"line":168,"column":2},"end":{"line":170,"column":3}}]},"10":{"loc":{"start":{"line":192,"column":2},"end":{"line":194,"column":3}},"type":"if","locations":[{"start":{"line":192,"column":2},"end":{"line":194,"column":3}}]}},"s":{"0":0,"1":0,"2":0,"3":0,"4":0,"5":0,"6":0,"7":0,"8":0,"9":0,"10":0,"11":0,"12":0,"13":0,"14":0,"15":0,"16":0,"17":0,"18":0,"19":0,"20":0,"21":0,"22":0,"23":0,"24":0,"25":0,"26":0,"27":0,"28":0,"29":0,"30":0,"31":0,"32":0,"33":0,"34":0,"35":0,"36":0,"37":0,"38":0,"39":0,"40":0,"41":0,"42":0,"43":0,"44":0,"45":0,"46":0,"47":0,"48":0,"49":0,"50":0,"51":0,"52":0,"53":0,"54":0,"55":0,"56":0,"57":0,"58":0,"59":0,"60":0,"61":0,"62":0,"63":0,"64":0,"65":0,"66":0,"67":0,"68":0,"69":0,"70":0},"f":{"0":0,"1":0,"2":0,"3":0,"4":0,"5":0},"b":{"0":[0],"1":[0],"2":[0],"3":[0],"4":[0],"5":[0],"6":[0],"7":[0],"8":[0],"9":[0],"10":[0]}}
,"E:\\Ronaldo\\Escuela y Trabajo\\proyectos\\Sistema de Notificaciones Electromovilidad\\evcs-backend\\src\\services\\notifications.ts": {"path":"E:\\Ronaldo\\Escuela y Trabajo\\proyectos\\Sistema de Notificaciones Electromovilidad\\evcs-backend\\src\\services\\notifications.ts","statementMap":{"0":{"start":{"line":8,"column":0},"end":{"line":8,"column":7}},"1":{"start":{"line":68,"column":0},"end":{"line":68,"column":7}},"2":{"start":{"line":103,"column":0},"end":{"line":103,"column":7}},"3":{"start":{"line":1,"column":0},"end":{"line":1,"column":85}},"4":{"start":{"line":2,"column":0},"end":{"line":2,"column":26}},"5":{"start":{"line":19,"column":2},"end":{"line":62,"column":3}},"6":{"start":{"line":21,"column":21},"end":{"line":23,"column":null}},"7":{"start":{"line":26,"column":4},"end":{"line":32,"column":5}},"8":{"start":{"line":27,"column":6},"end":{"line":27,"column":73}},"9":{"start":{"line":28,"column":6},"end":{"line":31,"column":8}},"10":{"start":{"line":35,"column":23},"end":{"line":35,"column":59}},"11":{"start":{"line":35,"column":51},"end":{"line":35,"column":58}},"12":{"start":{"line":38,"column":19},"end":{"line":43,"column":6}},"13":{"start":{"line":46,"column":4},"end":{"line":53,"column":5}},"14":{"start":{"line":47,"column":6},"end":{"line":52,"column":7}},"15":{"start":{"line":48,"column":8},"end":{"line":51,"column":10}},"16":{"start":{"line":55,"column":4},"end":{"line":55,"column":18}},"17":{"start":{"line":57,"column":4},"end":{"line":57,"column":59}},"18":{"start":{"line":58,"column":4},"end":{"line":61,"column":6}},"19":{"start":{"line":75,"column":2},"end":{"line":97,"column":3}},"20":{"start":{"line":77,"column":18},"end":{"line":83,"column":6}},"21":{"start":{"line":85,"column":4},"end":{"line":85,"column":43}},"22":{"start":{"line":86,"column":4},"end":{"line":86,"column":61}},"23":{"start":{"line":87,"column":4},"end":{"line":90,"column":6}},"24":{"start":{"line":92,"column":4},"end":{"line":92,"column":55}},"25":{"start":{"line":93,"column":4},"end":{"line":96,"column":6}},"26":{"start":{"line":104,"column":2},"end":{"line":114,"column":3}},"27":{"start":{"line":105,"column":4},"end":{"line":108,"column":6}},"28":{"start":{"line":109,"column":4},"end":{"line":109,"column":39}},"29":{"start":{"line":110,"column":4},"end":{"line":110,"column":29}},"30":{"start":{"line":112,"column":4},"end":{"line":112,"column":56}},"31":{"start":{"line":113,"column":4},"end":{"line":113,"column":52}}},"fnMap":{"0":{"name":"sendNotificationToUser","decl":{"start":{"line":8,"column":22},"end":{"line":8,"column":44}},"loc":{"start":{"line":18,"column":1},"end":{"line":63,"column":1}}},"1":{"name":"(anonymous_1)","decl":{"start":{"line":35,"column":44},"end":{"line":35,"column":45}},"loc":{"start":{"line":35,"column":51},"end":{"line":35,"column":58}}},"2":{"name":"registerDeviceToken","decl":{"start":{"line":68,"column":22},"end":{"line":68,"column":41}},"loc":{"start":{"line":74,"column":1},"end":{"line":98,"column":1}}},"3":{"name":"deactivateDeviceToken","decl":{"start":{"line":103,"column":22},"end":{"line":103,"column":43}},"loc":{"start":{"line":103,"column":57},"end":{"line":115,"column":1}}}},"branchMap":{"0":{"loc":{"start":{"line":12,"column":2},"end":{"line":12,"column":11}},"type":"default-arg","locations":[{"start":{"line":12,"column":9},"end":{"line":12,"column":11}}]},"1":{"loc":{"start":{"line":26,"column":4},"end":{"line":32,"column":5}},"type":"if","locations":[{"start":{"line":26,"column":4},"end":{"line":32,"column":5}}]},"2":{"loc":{"start":{"line":46,"column":4},"end":{"line":53,"column":5}},"type":"if","locations":[{"start":{"line":46,"column":4},"end":{"line":53,"column":5}}]}},"s":{"0":1,"1":1,"2":1,"3":1,"4":1,"5":5,"6":5,"7":5,"8":1,"9":1,"10":4,"11":4,"12":3,"13":2,"14":2,"15":3,"16":2,"17":2,"18":2,"19":4,"20":4,"21":4,"22":3,"23":3,"24":1,"25":1,"26":2,"27":2,"28":1,"29":1,"30":1,"31":1},"f":{"0":5,"1":4,"2":4,"3":2},"b":{"0":[4],"1":[1],"2":[2]}}
,"E:\\Ronaldo\\Escuela y Trabajo\\proyectos\\Sistema de Notificaciones Electromovilidad\\evcs-backend\\src\\services\\ruleEngine.ts": {"path":"E:\\Ronaldo\\Escuela y Trabajo\\proyectos\\Sistema de Notificaciones Electromovilidad\\evcs-backend\\src\\services\\ruleEngine.ts","statementMap":{"0":{"start":{"line":53,"column":10},"end":{"line":53,"column":25}},"1":{"start":{"line":56,"column":4},"end":{"line":58,"column":5}},"2":{"start":{"line":57,"column":6},"end":{"line":57,"column":18}},"3":{"start":{"line":60,"column":4},"end":{"line":73,"column":5}},"4":{"start":{"line":61,"column":6},"end":{"line":72,"column":8}},"5":{"start":{"line":75,"column":4},"end":{"line":75,"column":16}},"6":{"start":{"line":79,"column":4},"end":{"line":79,"column":25}},"7":{"start":{"line":83,"column":4},"end":{"line":83,"column":27}},"8":{"start":{"line":91,"column":10},"end":{"line":91,"column":32}},"9":{"start":{"line":94,"column":4},"end":{"line":96,"column":5}},"10":{"start":{"line":95,"column":6},"end":{"line":95,"column":18}},"11":{"start":{"line":98,"column":16},"end":{"line":98,"column":26}},"12":{"start":{"line":99,"column":23},"end":{"line":99,"column":58}},"13":{"start":{"line":100,"column":19},"end":{"line":100,"column":55}},"14":{"start":{"line":101,"column":24},"end":{"line":101,"column":44}},"15":{"start":{"line":103,"column":4},"end":{"line":116,"column":5}},"16":{"start":{"line":104,"column":6},"end":{"line":115,"column":8}},"17":{"start":{"line":118,"column":4},"end":{"line":118,"column":16}},"18":{"start":{"line":122,"column":4},"end":{"line":122,"column":35}},"19":{"start":{"line":126,"column":4},"end":{"line":126,"column":36}},"20":{"start":{"line":135,"column":4},"end":{"line":137,"column":5}},"21":{"start":{"line":136,"column":6},"end":{"line":136,"column":18}},"22":{"start":{"line":139,"column":4},"end":{"line":152,"column":5}},"23":{"start":{"line":140,"column":6},"end":{"line":151,"column":8}},"24":{"start":{"line":154,"column":4},"end":{"line":154,"column":16}},"25":{"start":{"line":158,"column":4},"end":{"line":158,"column":34}},"26":{"start":{"line":168,"column":24},"end":{"line":169,"column":61}},"27":{"start":{"line":171,"column":4},"end":{"line":173,"column":5}},"28":{"start":{"line":172,"column":6},"end":{"line":172,"column":18}},"29":{"start":{"line":175,"column":4},"end":{"line":186,"column":6}},"30":{"start":{"line":190,"column":4},"end":{"line":190,"column":31}},"31":{"start":{"line":199,"column":4},"end":{"line":201,"column":5}},"32":{"start":{"line":200,"column":6},"end":{"line":200,"column":18}},"33":{"start":{"line":203,"column":4},"end":{"line":217,"column":5}},"34":{"start":{"line":204,"column":6},"end":{"line":216,"column":8}},"35":{"start":{"line":219,"column":4},"end":{"line":219,"column":16}},"36":{"start":{"line":223,"column":4},"end":{"line":223,"column":27}},"37":{"start":{"line":232,"column":10},"end":{"line":232,"column":50}},"38":{"start":{"line":236,"column":4},"end":{"line":242,"column":6}},"39":{"start":{"line":250,"column":4},"end":{"line":250,"column":95}},"40":{"start":{"line":252,"column":4},"end":{"line":258,"column":5}},"41":{"start":{"line":253,"column":21},"end":{"line":253,"column":45}},"42":{"start":{"line":254,"column":6},"end":{"line":257,"column":7}},"43":{"start":{"line":255,"column":8},"end":{"line":255,"column":79}},"44":{"start":{"line":256,"column":8},"end":{"line":256,"column":22}},"45":{"start":{"line":260,"column":4},"end":{"line":260,"column":76}},"46":{"start":{"line":261,"column":4},"end":{"line":261,"column":16}},"47":{"start":{"line":268,"column":4},"end":{"line":268,"column":35}},"48":{"start":{"line":269,"column":4},"end":{"line":269,"column":75}},"49":{"start":{"line":276,"column":4},"end":{"line":276,"column":27}},"50":{"start":{"line":283,"column":22},"end":{"line":283,"column":36}},"51":{"start":{"line":284,"column":4},"end":{"line":284,"column":78}},"52":{"start":{"line":284,"column":50},"end":{"line":284,"column":76}},"53":{"start":{"line":285,"column":4},"end":{"line":285,"column":73}},"54":{"start":{"line":231,"column":0},"end":{"line":231,"column":13}},"55":{"start":{"line":290,"column":13},"end":{"line":290,"column":43}}},"fnMap":{"0":{"name":"(anonymous_0)","decl":{"start":{"line":52,"column":0},"end":{"line":52,"column":6}},"loc":{"start":{"line":52,"column":0},"end":{"line":85,"column":1}}},"1":{"name":"(anonymous_1)","decl":{"start":{"line":55,"column":2},"end":{"line":55,"column":10}},"loc":{"start":{"line":55,"column":27},"end":{"line":76,"column":3}}},"2":{"name":"(anonymous_2)","decl":{"start":{"line":78,"column":2},"end":{"line":78,"column":9}},"loc":{"start":{"line":78,"column":9},"end":{"line":80,"column":3}}},"3":{"name":"(anonymous_3)","decl":{"start":{"line":82,"column":2},"end":{"line":82,"column":14}},"loc":{"start":{"line":82,"column":28},"end":{"line":84,"column":3}}},"4":{"name":"(anonymous_4)","decl":{"start":{"line":90,"column":0},"end":{"line":90,"column":6}},"loc":{"start":{"line":90,"column":0},"end":{"line":128,"column":1}}},"5":{"name":"(anonymous_5)","decl":{"start":{"line":93,"column":2},"end":{"line":93,"column":10}},"loc":{"start":{"line":93,"column":27},"end":{"line":119,"column":3}}},"6":{"name":"(anonymous_6)","decl":{"start":{"line":121,"column":2},"end":{"line":121,"column":9}},"loc":{"start":{"line":121,"column":9},"end":{"line":123,"column":3}}},"7":{"name":"(anonymous_7)","decl":{"start":{"line":125,"column":2},"end":{"line":125,"column":14}},"loc":{"start":{"line":125,"column":30},"end":{"line":127,"column":3}}},"8":{"name":"(anonymous_8)","decl":{"start":{"line":134,"column":2},"end":{"line":134,"column":10}},"loc":{"start":{"line":134,"column":27},"end":{"line":155,"column":3}}},"9":{"name":"(anonymous_9)","decl":{"start":{"line":157,"column":2},"end":{"line":157,"column":9}},"loc":{"start":{"line":157,"column":9},"end":{"line":159,"column":3}}},"10":{"name":"(anonymous_10)","decl":{"start":{"line":166,"column":2},"end":{"line":166,"column":10}},"loc":{"start":{"line":166,"column":27},"end":{"line":187,"column":3}}},"11":{"name":"(anonymous_11)","decl":{"start":{"line":189,"column":2},"end":{"line":189,"column":9}},"loc":{"start":{"line":189,"column":9},"end":{"line":191,"column":3}}},"12":{"name":"(anonymous_12)","decl":{"start":{"line":198,"column":2},"end":{"line":198,"column":10}},"loc":{"start":{"line":198,"column":27},"end":{"line":220,"column":3}}},"13":{"name":"(anonymous_13)","decl":{"start":{"line":222,"column":2},"end":{"line":222,"column":9}},"loc":{"start":{"line":222,"column":9},"end":{"line":224,"column":3}}},"14":{"name":"(anonymous_14)","decl":{"start":{"line":234,"column":2},"end":{"line":234,"column":null}},"loc":{"start":{"line":234,"column":2},"end":{"line":243,"column":3}}},"15":{"name":"(anonymous_15)","decl":{"start":{"line":249,"column":2},"end":{"line":249,"column":10}},"loc":{"start":{"line":249,"column":27},"end":{"line":262,"column":3}}},"16":{"name":"(anonymous_16)","decl":{"start":{"line":267,"column":2},"end":{"line":267,"column":13}},"loc":{"start":{"line":267,"column":44},"end":{"line":270,"column":3}}},"17":{"name":"(anonymous_17)","decl":{"start":{"line":275,"column":2},"end":{"line":275,"column":15}},"loc":{"start":{"line":275,"column":15},"end":{"line":277,"column":3}}},"18":{"name":"(anonymous_18)","decl":{"start":{"line":282,"column":2},"end":{"line":282,"column":21}},"loc":{"start":{"line":282,"column":37},"end":{"line":286,"column":3}}},"19":{"name":"(anonymous_19)","decl":{"start":{"line":284,"column":45},"end":{"line":284,"column":46}},"loc":{"start":{"line":284,"column":50},"end":{"line":284,"column":76}}}},"branchMap":{"0":{"loc":{"start":{"line":56,"column":4},"end":{"line":58,"column":5}},"type":"if","locations":[{"start":{"line":56,"column":4},"end":{"line":58,"column":5}}]},"1":{"loc":{"start":{"line":56,"column":8},"end":{"line":56,"column":55}},"type":"binary-expr","locations":[{"start":{"line":56,"column":8},"end":{"line":56,"column":41}},{"start":{"line":56,"column":45},"end":{"line":56,"column":55}}]},"2":{"loc":{"start":{"line":60,"column":4},"end":{"line":73,"column":5}},"type":"if","locations":[{"start":{"line":60,"column":4},"end":{"line":73,"column":5}}]},"3":{"loc":{"start":{"line":68,"column":25},"end":{"line":68,"column":50}},"type":"binary-expr","locations":[{"start":{"line":68,"column":25},"end":{"line":68,"column":44}},{"start":{"line":68,"column":48},"end":{"line":68,"column":50}}]},"4":{"loc":{"start":{"line":94,"column":4},"end":{"line":96,"column":5}},"type":"if","locations":[{"start":{"line":94,"column":4},"end":{"line":96,"column":5}}]},"5":{"loc":{"start":{"line":94,"column":8},"end":{"line":94,"column":71}},"type":"binary-expr","locations":[{"start":{"line":94,"column":8},"end":{"line":94,"column":41}},{"start":{"line":94,"column":45},"end":{"line":94,"column":71}}]},"6":{"loc":{"start":{"line":103,"column":4},"end":{"line":116,"column":5}},"type":"if","locations":[{"start":{"line":103,"column":4},"end":{"line":116,"column":5}}]},"7":{"loc":{"start":{"line":103,"column":8},"end":{"line":103,"column":63}},"type":"binary-expr","locations":[{"start":{"line":103,"column":8},"end":{"line":103,"column":23}},{"start":{"line":103,"column":27},"end":{"line":103,"column":63}}]},"8":{"loc":{"start":{"line":111,"column":25},"end":{"line":111,"column":50}},"type":"binary-expr","locations":[{"start":{"line":111,"column":25},"end":{"line":111,"column":44}},{"start":{"line":111,"column":48},"end":{"line":111,"column":50}}]},"9":{"loc":{"start":{"line":135,"column":4},"end":{"line":137,"column":5}},"type":"if","locations":[{"start":{"line":135,"column":4},"end":{"line":137,"column":5}}]},"10":{"loc":{"start":{"line":139,"column":4},"end":{"line":152,"column":5}},"type":"if","locations":[{"start":{"line":139,"column":4},"end":{"line":152,"column":5}}]},"11":{"loc":{"start":{"line":168,"column":24},"end":{"line":169,"column":61}},"type":"binary-expr","locations":[{"start":{"line":168,"column":25},"end":{"line":168,"column":65}},{"start":{"line":168,"column":69},"end":{"line":168,"column":97}},{"start":{"line":169,"column":24},"end":{"line":169,"column":61}}]},"12":{"loc":{"start":{"line":171,"column":4},"end":{"line":173,"column":5}},"type":"if","locations":[{"start":{"line":171,"column":4},"end":{"line":173,"column":5}}]},"13":{"loc":{"start":{"line":182,"column":23},"end":{"line":182,"column":48}},"type":"binary-expr","locations":[{"start":{"line":182,"column":23},"end":{"line":182,"column":42}},{"start":{"line":182,"column":46},"end":{"line":182,"column":48}}]},"14":{"loc":{"start":{"line":199,"column":4},"end":{"line":201,"column":5}},"type":"if","locations":[{"start":{"line":199,"column":4},"end":{"line":201,"column":5}}]},"15":{"loc":{"start":{"line":203,"column":4},"end":{"line":217,"column":5}},"type":"if","locations":[{"start":{"line":203,"column":4},"end":{"line":217,"column":5}}]},"16":{"loc":{"start":{"line":254,"column":6},"end":{"line":257,"column":7}},"type":"if","locations":[{"start":{"line":254,"column":6},"end":{"line":257,"column":7}}]},"17":{"loc":{"start":{"line":254,"column":10},"end":{"line":254,"column":39}},"type":"binary-expr","locations":[{"start":{"line":254,"column":10},"end":{"line":254,"column":16}},{"start":{"line":254,"column":20},"end":{"line":254,"column":39}}]}},"s":{"0":30,"1":35,"2":22,"3":13,"4":6,"5":7,"6":0,"7":0,"8":30,"9":29,"10":26,"11":3,"12":3,"13":3,"14":3,"15":3,"16":2,"17":1,"18":0,"19":0,"20":27,"21":16,"22":11,"23":5,"24":6,"25":0,"26":22,"27":22,"28":18,"29":4,"30":0,"31":18,"32":12,"33":6,"34":4,"35":2,"36":0,"37":30,"38":30,"39":35,"40":35,"41":131,"42":131,"43":21,"44":21,"45":14,"46":14,"47":1,"48":1,"49":3,"50":0,"51":0,"52":0,"53":0,"54":2,"55":2},"f":{"0":30,"1":35,"2":0,"3":0,"4":30,"5":29,"6":0,"7":0,"8":27,"9":0,"10":22,"11":0,"12":18,"13":0,"14":30,"15":35,"16":1,"17":3,"18":0,"19":0},"b":{"0":[22],"1":[35,17],"2":[6],"3":[6,0],"4":[26],"5":[29,11],"6":[2],"7":[3,3],"8":[2,0],"9":[16],"10":[5],"11":[22,6,22],"12":[18],"13":[4,0],"14":[12],"15":[4],"16":[21],"17":[131,21]}}
,"E:\\Ronaldo\\Escuela y Trabajo\\proyectos\\Sistema de Notificaciones Electromovilidad\\evcs-backend\\src\\services\\steve.ts": {"path":"E:\\Ronaldo\\Escuela y Trabajo\\proyectos\\Sistema de Notificaciones Electromovilidad\\evcs-backend\\src\\services\\steve.ts","statementMap":{"0":{"start":{"line":66,"column":0},"end":{"line":66,"column":7}},"1":{"start":{"line":79,"column":0},"end":{"line":79,"column":7}},"2":{"start":{"line":96,"column":0},"end":{"line":96,"column":7}},"3":{"start":{"line":124,"column":0},"end":{"line":124,"column":7}},"4":{"start":{"line":152,"column":0},"end":{"line":152,"column":7}},"5":{"start":{"line":184,"column":0},"end":{"line":184,"column":7}},"6":{"start":{"line":212,"column":0},"end":{"line":212,"column":7}},"7":{"start":{"line":235,"column":0},"end":{"line":235,"column":7}},"8":{"start":{"line":263,"column":0},"end":{"line":263,"column":7}},"9":{"start":{"line":296,"column":0},"end":{"line":296,"column":7}},"10":{"start":{"line":305,"column":0},"end":{"line":305,"column":7}},"11":{"start":{"line":1,"column":0},"end":{"line":1,"column":35}},"12":{"start":{"line":2,"column":0},"end":{"line":2,"column":39}},"13":{"start":{"line":5,"column":13},"end":{"line":15,"column":3}},"14":{"start":{"line":18,"column":0},"end":{"line":25,"column":5}},"15":{"start":{"line":20,"column":4},"end":{"line":20,"column":66}},"16":{"start":{"line":21,"column":4},"end":{"line":21,"column":19}},"17":{"start":{"line":24,"column":4},"end":{"line":24,"column":72}},"18":{"start":{"line":67,"column":2},"end":{"line":73,"column":3}},"19":{"start":{"line":68,"column":19},"end":{"line":68,"column":66}},"20":{"start":{"line":69,"column":4},"end":{"line":69,"column":38}},"21":{"start":{"line":71,"column":4},"end":{"line":71,"column":69}},"22":{"start":{"line":72,"column":4},"end":{"line":72,"column":14}},"23":{"start":{"line":80,"column":2},"end":{"line":90,"column":3}},"24":{"start":{"line":81,"column":19},"end":{"line":83,"column":null}},"25":{"start":{"line":85,"column":19},"end":{"line":85,"column":45}},"26":{"start":{"line":86,"column":4},"end":{"line":86,"column":48}},"27":{"start":{"line":88,"column":4},"end":{"line":88,"column":72}},"28":{"start":{"line":89,"column":4},"end":{"line":89,"column":16}},"29":{"start":{"line":97,"column":2},"end":{"line":118,"column":3}},"30":{"start":{"line":98,"column":19},"end":{"line":113,"column":6}},"31":{"start":{"line":114,"column":4},"end":{"line":114,"column":38}},"32":{"start":{"line":116,"column":4},"end":{"line":116,"column":64}},"33":{"start":{"line":117,"column":4},"end":{"line":117,"column":14}},"34":{"start":{"line":125,"column":2},"end":{"line":146,"column":3}},"35":{"start":{"line":126,"column":19},"end":{"line":141,"column":15}},"36":{"start":{"line":142,"column":4},"end":{"line":142,"column":38}},"37":{"start":{"line":144,"column":4},"end":{"line":144,"column":57}},"38":{"start":{"line":145,"column":4},"end":{"line":145,"column":14}},"39":{"start":{"line":156,"column":2},"end":{"line":178,"column":3}},"40":{"start":{"line":157,"column":19},"end":{"line":173,"column":28}},"41":{"start":{"line":174,"column":4},"end":{"line":174,"column":38}},"42":{"start":{"line":176,"column":4},"end":{"line":176,"column":76}},"43":{"start":{"line":177,"column":4},"end":{"line":177,"column":14}},"44":{"start":{"line":185,"column":2},"end":{"line":206,"column":3}},"45":{"start":{"line":186,"column":19},"end":{"line":188,"column":null}},"46":{"start":{"line":190,"column":19},"end":{"line":190,"column":32}},"47":{"start":{"line":191,"column":4},"end":{"line":201,"column":5}},"48":{"start":{"line":192,"column":6},"end":{"line":200,"column":8}},"49":{"start":{"line":202,"column":4},"end":{"line":202,"column":16}},"50":{"start":{"line":204,"column":4},"end":{"line":204,"column":58}},"51":{"start":{"line":205,"column":4},"end":{"line":205,"column":16}},"52":{"start":{"line":213,"column":2},"end":{"line":229,"column":3}},"53":{"start":{"line":214,"column":19},"end":{"line":215,"column":null}},"54":{"start":{"line":217,"column":4},"end":{"line":225,"column":8}},"55":{"start":{"line":217,"column":39},"end":{"line":225,"column":6}},"56":{"start":{"line":227,"column":4},"end":{"line":227,"column":50}},"57":{"start":{"line":228,"column":4},"end":{"line":228,"column":14}},"58":{"start":{"line":236,"column":2},"end":{"line":257,"column":3}},"59":{"start":{"line":237,"column":19},"end":{"line":244,"column":6}},"60":{"start":{"line":245,"column":4},"end":{"line":253,"column":8}},"61":{"start":{"line":245,"column":39},"end":{"line":253,"column":6}},"62":{"start":{"line":255,"column":4},"end":{"line":255,"column":65}},"63":{"start":{"line":256,"column":4},"end":{"line":256,"column":14}},"64":{"start":{"line":264,"column":2},"end":{"line":290,"column":3}},"65":{"start":{"line":265,"column":19},"end":{"line":284,"column":15}},"66":{"start":{"line":286,"column":4},"end":{"line":286,"column":66}},"67":{"start":{"line":288,"column":4},"end":{"line":288,"column":81}},"68":{"start":{"line":289,"column":4},"end":{"line":289,"column":16}},"69":{"start":{"line":299,"column":2},"end":{"line":299,"column":12}},"70":{"start":{"line":306,"column":2},"end":{"line":323,"column":3}},"71":{"start":{"line":307,"column":19},"end":{"line":318,"column":30}},"72":{"start":{"line":319,"column":4},"end":{"line":319,"column":16}},"73":{"start":{"line":321,"column":4},"end":{"line":321,"column":59}},"74":{"start":{"line":322,"column":4},"end":{"line":322,"column":14}}},"fnMap":{"0":{"name":"(anonymous_1)","decl":{"start":{"line":19,"column":8},"end":{"line":19,"column":9}},"loc":{"start":{"line":19,"column":17},"end":{"line":22,"column":3}}},"1":{"name":"(anonymous_2)","decl":{"start":{"line":23,"column":9},"end":{"line":23,"column":10}},"loc":{"start":{"line":23,"column":19},"end":{"line":25,"column":3}}},"2":{"name":"getAllChargePoints","decl":{"start":{"line":66,"column":22},"end":{"line":66,"column":40}},"loc":{"start":{"line":66,"column":40},"end":{"line":74,"column":1}}},"3":{"name":"getChargePointById","decl":{"start":{"line":79,"column":22},"end":{"line":79,"column":40}},"loc":{"start":{"line":79,"column":60},"end":{"line":91,"column":1}}},"4":{"name":"getActiveTransactions","decl":{"start":{"line":96,"column":22},"end":{"line":96,"column":43}},"loc":{"start":{"line":96,"column":43},"end":{"line":119,"column":1}}},"5":{"name":"getAllTransactions","decl":{"start":{"line":124,"column":22},"end":{"line":124,"column":40}},"loc":{"start":{"line":124,"column":60},"end":{"line":147,"column":1}}},"6":{"name":"getTransactionsByChargePoint","decl":{"start":{"line":152,"column":22},"end":{"line":152,"column":50}},"loc":{"start":{"line":154,"column":20},"end":{"line":179,"column":1}}},"7":{"name":"getUserByTag","decl":{"start":{"line":184,"column":22},"end":{"line":184,"column":34}},"loc":{"start":{"line":184,"column":48},"end":{"line":207,"column":1}}},"8":{"name":"getAllUsers","decl":{"start":{"line":212,"column":22},"end":{"line":212,"column":33}},"loc":{"start":{"line":212,"column":33},"end":{"line":230,"column":1}}},"9":{"name":"(anonymous_10)","decl":{"start":{"line":217,"column":31},"end":{"line":217,"column":34}},"loc":{"start":{"line":217,"column":39},"end":{"line":225,"column":6}}},"10":{"name":"getUsersInTransaction","decl":{"start":{"line":235,"column":22},"end":{"line":235,"column":43}},"loc":{"start":{"line":235,"column":43},"end":{"line":258,"column":1}}},"11":{"name":"(anonymous_12)","decl":{"start":{"line":245,"column":31},"end":{"line":245,"column":34}},"loc":{"start":{"line":245,"column":39},"end":{"line":253,"column":6}}},"12":{"name":"getActiveTransactionByUser","decl":{"start":{"line":263,"column":22},"end":{"line":263,"column":48}},"loc":{"start":{"line":263,"column":62},"end":{"line":291,"column":1}}},"13":{"name":"getTransactionMeterValues","decl":{"start":{"line":296,"column":22},"end":{"line":296,"column":47}},"loc":{"start":{"line":296,"column":69},"end":{"line":300,"column":1}}},"14":{"name":"getChargePointStatusUpdates","decl":{"start":{"line":305,"column":22},"end":{"line":305,"column":49}},"loc":{"start":{"line":305,"column":91},"end":{"line":324,"column":1}}}},"branchMap":{"0":{"loc":{"start":{"line":86,"column":11},"end":{"line":86,"column":47}},"type":"cond-expr","locations":[{"start":{"line":86,"column":31},"end":{"line":86,"column":40}},{"start":{"line":86,"column":43},"end":{"line":86,"column":47}}]},"1":{"loc":{"start":{"line":124,"column":41},"end":{"line":124,"column":60}},"type":"default-arg","locations":[{"start":{"line":124,"column":57},"end":{"line":124,"column":60}}]},"2":{"loc":{"start":{"line":154,"column":2},"end":{"line":154,"column":20}},"type":"default-arg","locations":[{"start":{"line":154,"column":18},"end":{"line":154,"column":20}}]},"3":{"loc":{"start":{"line":191,"column":4},"end":{"line":201,"column":5}},"type":"if","locations":[{"start":{"line":191,"column":4},"end":{"line":201,"column":5}}]},"4":{"loc":{"start":{"line":286,"column":12},"end":{"line":286,"column":65}},"type":"cond-expr","locations":[{"start":{"line":286,"column":41},"end":{"line":286,"column":58}},{"start":{"line":286,"column":61},"end":{"line":286,"column":65}}]},"5":{"loc":{"start":{"line":305,"column":71},"end":{"line":305,"column":91}},"type":"default-arg","locations":[{"start":{"line":305,"column":89},"end":{"line":305,"column":91}}]}},"s":{"0":0,"1":0,"2":0,"3":0,"4":0,"5":0,"6":0,"7":0,"8":0,"9":0,"10":0,"11":0,"12":0,"13":0,"14":0,"15":0,"16":0,"17":0,"18":0,"19":0,"20":0,"21":0,"22":0,"23":0,"24":0,"25":0,"26":0,"27":0,"28":0,"29":0,"30":0,"31":0,"32":0,"33":0,"34":0,"35":0,"36":0,"37":0,"38":0,"39":0,"40":0,"41":0,"42":0,"43":0,"44":0,"45":0,"46":0,"47":0,"48":0,"49":0,"50":0,"51":0,"52":0,"53":0,"54":0,"55":0,"56":0,"57":0,"58":0,"59":0,"60":0,"61":0,"62":0,"63":0,"64":0,"65":0,"66":0,"67":0,"68":0,"69":0,"70":0,"71":0,"72":0,"73":0,"74":0},"f":{"0":0,"1":0,"2":0,"3":0,"4":0,"5":0,"6":0,"7":0,"8":0,"9":0,"10":0,"11":0,"12":0,"13":0,"14":0},"b":{"0":[0,0],"1":[0],"2":[0],"3":[0],"4":[0,0],"5":[0]}}
,"E:\\Ronaldo\\Escuela y Trabajo\\proyectos\\Sistema de Notificaciones Electromovilidad\\evcs-backend\\src\\services\\sync.ts": {"path":"E:\\Ronaldo\\Escuela y Trabajo\\proyectos\\Sistema de Notificaciones Electromovilidad\\evcs-backend\\src\\services\\sync.ts","statementMap":{"0":{"start":{"line":26,"column":0},"end":{"line":26,"column":16}},"1":{"start":{"line":41,"column":0},"end":{"line":41,"column":16}},"2":{"start":{"line":256,"column":0},"end":{"line":256,"column":16}},"3":{"start":{"line":1,"column":0},"end":{"line":1,"column":39}},"4":{"start":{"line":2,"column":0},"end":{"line":2,"column":null}},"5":{"start":{"line":9,"column":0},"end":{"line":9,"column":78}},"6":{"start":{"line":10,"column":0},"end":{"line":10,"column":26}},"7":{"start":{"line":20,"column":43},"end":{"line":20,"column":45}},"8":{"start":{"line":21,"column":45},"end":{"line":21,"column":49}},"9":{"start":{"line":27,"column":2},"end":{"line":27,"column":96}},"10":{"start":{"line":30,"column":2},"end":{"line":30,"column":80}},"11":{"start":{"line":30,"column":34},"end":{"line":30,"column":78}},"12":{"start":{"line":33,"column":2},"end":{"line":35,"column":32}},"13":{"start":{"line":34,"column":4},"end":{"line":34,"column":74}},"14":{"start":{"line":34,"column":36},"end":{"line":34,"column":72}},"15":{"start":{"line":42,"column":2},"end":{"line":45,"column":3}},"16":{"start":{"line":43,"column":4},"end":{"line":43,"column":35}},"17":{"start":{"line":44,"column":4},"end":{"line":44,"column":50}},"18":{"start":{"line":52,"column":2},"end":{"line":76,"column":3}},"19":{"start":{"line":53,"column":25},"end":{"line":53,"column":54}},"20":{"start":{"line":55,"column":4},"end":{"line":70,"column":5}},"21":{"start":{"line":56,"column":20},"end":{"line":56,"column":51}},"22":{"start":{"line":59,"column":6},"end":{"line":69,"column":7}},"23":{"start":{"line":60,"column":8},"end":{"line":60,"column":48}},"24":{"start":{"line":61,"column":8},"end":{"line":65,"column":10}},"25":{"start":{"line":68,"column":8},"end":{"line":68,"column":51}},"26":{"start":{"line":73,"column":4},"end":{"line":73,"column":40}},"27":{"start":{"line":75,"column":4},"end":{"line":75,"column":64}},"28":{"start":{"line":83,"column":2},"end":{"line":83,"column":98}},"29":{"start":{"line":85,"column":15},"end":{"line":85,"column":52}},"30":{"start":{"line":87,"column":2},"end":{"line":116,"column":3}},"31":{"start":{"line":89,"column":4},"end":{"line":93,"column":7}},"32":{"start":{"line":96,"column":4},"end":{"line":113,"column":5}},"33":{"start":{"line":97,"column":6},"end":{"line":110,"column":8}},"34":{"start":{"line":112,"column":6},"end":{"line":112,"column":62}},"35":{"start":{"line":115,"column":4},"end":{"line":115,"column":85}},"36":{"start":{"line":123,"column":16},"end":{"line":123,"column":47}},"37":{"start":{"line":124,"column":16},"end":{"line":124,"column":39}},"38":{"start":{"line":126,"column":2},"end":{"line":126,"column":21}},"39":{"start":{"line":126,"column":14},"end":{"line":126,"column":21}},"40":{"start":{"line":129,"column":22},"end":{"line":129,"column":81}},"41":{"start":{"line":131,"column":2},"end":{"line":149,"column":3}},"42":{"start":{"line":132,"column":24},"end":{"line":132,"column":45}},"43":{"start":{"line":133,"column":26},"end":{"line":133,"column":79}},"44":{"start":{"line":136,"column":4},"end":{"line":148,"column":5}},"45":{"start":{"line":137,"column":19},"end":{"line":137,"column":56}},"46":{"start":{"line":138,"column":6},"end":{"line":147,"column":7}},"47":{"start":{"line":139,"column":8},"end":{"line":143,"column":11}},"48":{"start":{"line":145,"column":8},"end":{"line":145,"column":46}},"49":{"start":{"line":146,"column":8},"end":{"line":146,"column":99}},"50":{"start":{"line":157,"column":23},"end":{"line":157,"column":52}},"51":{"start":{"line":160,"column":29},"end":{"line":160,"column":58}},"52":{"start":{"line":161,"column":22},"end":{"line":161,"column":81}},"53":{"start":{"line":161,"column":58},"end":{"line":161,"column":79}},"54":{"start":{"line":164,"column":2},"end":{"line":175,"column":3}},"55":{"start":{"line":165,"column":4},"end":{"line":174,"column":5}},"56":{"start":{"line":166,"column":26},"end":{"line":166,"column":72}},"57":{"start":{"line":168,"column":6},"end":{"line":170,"column":7}},"58":{"start":{"line":169,"column":8},"end":{"line":169,"column":54}},"59":{"start":{"line":173,"column":6},"end":{"line":173,"column":37}},"60":{"start":{"line":182,"column":2},"end":{"line":204,"column":3}},"61":{"start":{"line":183,"column":19},"end":{"line":198,"column":23}},"62":{"start":{"line":183,"column":26},"end":{"line":183,"column":49}},"63":{"start":{"line":200,"column":4},"end":{"line":200,"column":66}},"64":{"start":{"line":202,"column":4},"end":{"line":202,"column":66}},"65":{"start":{"line":203,"column":4},"end":{"line":203,"column":16}},"66":{"start":{"line":211,"column":2},"end":{"line":211,"column":72}},"67":{"start":{"line":213,"column":15},"end":{"line":213,"column":52}},"68":{"start":{"line":215,"column":2},"end":{"line":250,"column":3}},"69":{"start":{"line":216,"column":28},"end":{"line":218,"column":9}},"70":{"start":{"line":221,"column":4},"end":{"line":225,"column":7}},"71":{"start":{"line":228,"column":4},"end":{"line":247,"column":5}},"72":{"start":{"line":229,"column":6},"end":{"line":244,"column":8}},"73":{"start":{"line":246,"column":6},"end":{"line":246,"column":62}},"74":{"start":{"line":249,"column":4},"end":{"line":249,"column":96}},"75":{"start":{"line":257,"column":2},"end":{"line":261,"column":4}}},"fnMap":{"0":{"name":"initializePolling","decl":{"start":{"line":26,"column":16},"end":{"line":26,"column":33}},"loc":{"start":{"line":26,"column":33},"end":{"line":36,"column":1}}},"1":{"name":"(anonymous_10)","decl":{"start":{"line":30,"column":27},"end":{"line":30,"column":30}},"loc":{"start":{"line":30,"column":34},"end":{"line":30,"column":78}}},"2":{"name":"(anonymous_11)","decl":{"start":{"line":33,"column":32},"end":{"line":33,"column":35}},"loc":{"start":{"line":33,"column":37},"end":{"line":35,"column":3}}},"3":{"name":"(anonymous_12)","decl":{"start":{"line":34,"column":29},"end":{"line":34,"column":32}},"loc":{"start":{"line":34,"column":36},"end":{"line":34,"column":72}}},"4":{"name":"stopPolling","decl":{"start":{"line":41,"column":16},"end":{"line":41,"column":27}},"loc":{"start":{"line":41,"column":27},"end":{"line":46,"column":1}}},"5":{"name":"pollTransactions","decl":{"start":{"line":51,"column":15},"end":{"line":51,"column":31}},"loc":{"start":{"line":51,"column":31},"end":{"line":77,"column":1}}},"6":{"name":"handleNewTransaction","decl":{"start":{"line":82,"column":15},"end":{"line":82,"column":35}},"loc":{"start":{"line":82,"column":65},"end":{"line":117,"column":1}}},"7":{"name":"handleTransactionUpdate","decl":{"start":{"line":122,"column":15},"end":{"line":122,"column":38}},"loc":{"start":{"line":122,"column":68},"end":{"line":150,"column":1}}},"8":{"name":"handleCompletedTransactions","decl":{"start":{"line":155,"column":15},"end":{"line":155,"column":42}},"loc":{"start":{"line":155,"column":42},"end":{"line":176,"column":1}}},"9":{"name":"(anonymous_18)","decl":{"start":{"line":161,"column":53},"end":{"line":161,"column":54}},"loc":{"start":{"line":161,"column":58},"end":{"line":161,"column":79}}},"10":{"name":"getCompletedTransaction","decl":{"start":{"line":181,"column":15},"end":{"line":181,"column":38}},"loc":{"start":{"line":181,"column":60},"end":{"line":205,"column":1}}},"11":{"name":"(anonymous_20)","decl":{"start":{"line":183,"column":26},"end":{"line":183,"column":39}},"loc":{"start":{"line":183,"column":26},"end":{"line":183,"column":49}}},"12":{"name":"handleCompletedTransaction","decl":{"start":{"line":210,"column":15},"end":{"line":210,"column":41}},"loc":{"start":{"line":210,"column":71},"end":{"line":251,"column":1}}},"13":{"name":"getPollingStatus","decl":{"start":{"line":256,"column":16},"end":{"line":256,"column":32}},"loc":{"start":{"line":256,"column":32},"end":{"line":262,"column":1}}}},"branchMap":{"0":{"loc":{"start":{"line":42,"column":2},"end":{"line":45,"column":3}},"type":"if","locations":[{"start":{"line":42,"column":2},"end":{"line":45,"column":3}}]},"1":{"loc":{"start":{"line":59,"column":6},"end":{"line":69,"column":7}},"type":"if","locations":[{"start":{"line":59,"column":6},"end":{"line":69,"column":7}},{"start":{"line":66,"column":13},"end":{"line":69,"column":7}}]},"2":{"loc":{"start":{"line":64,"column":27},"end":{"line":64,"column":90}},"type":"cond-expr","locations":[{"start":{"line":64,"column":52},"end":{"line":64,"column":86}},{"start":{"line":64,"column":89},"end":{"line":64,"column":90}}]},"3":{"loc":{"start":{"line":87,"column":2},"end":{"line":116,"column":3}},"type":"if","locations":[{"start":{"line":87,"column":2},"end":{"line":116,"column":3}}]},"4":{"loc":{"start":{"line":126,"column":2},"end":{"line":126,"column":21}},"type":"if","locations":[{"start":{"line":126,"column":2},"end":{"line":126,"column":21}}]},"5":{"loc":{"start":{"line":131,"column":2},"end":{"line":149,"column":3}},"type":"if","locations":[{"start":{"line":131,"column":2},"end":{"line":149,"column":3}}]},"6":{"loc":{"start":{"line":131,"column":6},"end":{"line":131,"column":58}},"type":"binary-expr","locations":[{"start":{"line":131,"column":6},"end":{"line":131,"column":32}},{"start":{"line":131,"column":36},"end":{"line":131,"column":58}}]},"7":{"loc":{"start":{"line":133,"column":26},"end":{"line":133,"column":79}},"type":"cond-expr","locations":[{"start":{"line":133,"column":46},"end":{"line":133,"column":75}},{"start":{"line":133,"column":78},"end":{"line":133,"column":79}}]},"8":{"loc":{"start":{"line":136,"column":4},"end":{"line":148,"column":5}},"type":"if","locations":[{"start":{"line":136,"column":4},"end":{"line":148,"column":5}}]},"9":{"loc":{"start":{"line":136,"column":25},"end":{"line":136,"column":51}},"type":"binary-expr","locations":[{"start":{"line":136,"column":25},"end":{"line":136,"column":46}},{"start":{"line":136,"column":50},"end":{"line":136,"column":51}}]},"10":{"loc":{"start":{"line":138,"column":6},"end":{"line":147,"column":7}},"type":"if","locations":[{"start":{"line":138,"column":6},"end":{"line":147,"column":7}}]},"11":{"loc":{"start":{"line":165,"column":4},"end":{"line":174,"column":5}},"type":"if","locations":[{"start":{"line":165,"column":4},"end":{"line":174,"column":5}}]},"12":{"loc":{"start":{"line":168,"column":6},"end":{"line":170,"column":7}},"type":"if","locations":[{"start":{"line":168,"column":6},"end":{"line":170,"column":7}}]},"13":{"loc":{"start":{"line":200,"column":12},"end":{"line":200,"column":65}},"type":"cond-expr","locations":[{"start":{"line":200,"column":41},"end":{"line":200,"column":58}},{"start":{"line":200,"column":61},"end":{"line":200,"column":65}}]},"14":{"loc":{"start":{"line":215,"column":2},"end":{"line":250,"column":3}},"type":"if","locations":[{"start":{"line":215,"column":2},"end":{"line":250,"column":3}}]},"15":{"loc":{"start":{"line":216,"column":28},"end":{"line":218,"column":9}},"type":"cond-expr","locations":[{"start":{"line":217,"column":8},"end":{"line":217,"column":96}},{"start":{"line":218,"column":8},"end":{"line":218,"column":9}}]},"16":{"loc":{"start":{"line":217,"column":57},"end":{"line":217,"column":86}},"type":"binary-expr","locations":[{"start":{"line":217,"column":57},"end":{"line":217,"column":79}},{"start":{"line":217,"column":83},"end":{"line":217,"column":86}}]}},"s":{"0":0,"1":0,"2":0,"3":0,"4":0,"5":0,"6":0,"7":0,"8":0,"9":0,"10":0,"11":0,"12":0,"13":0,"14":0,"15":0,"16":0,"17":0,"18":0,"19":0,"20":0,"21":0,"22":0,"23":0,"24":0,"25":0,"26":0,"27":0,"28":0,"29":0,"30":0,"31":0,"32":0,"33":0,"34":0,"35":0,"36":0,"37":0,"38":0,"39":0,"40":0,"41":0,"42":0,"43":0,"44":0,"45":0,"46":0,"47":0,"48":0,"49":0,"50":0,"51":0,"52":0,"53":0,"54":0,"55":0,"56":0,"57":0,"58":0,"59":0,"60":0,"61":0,"62":0,"63":0,"64":0,"65":0,"66":0,"67":0,"68":0,"69":0,"70":0,"71":0,"72":0,"73":0,"74":0,"75":0},"f":{"0":0,"1":0,"2":0,"3":0,"4":0,"5":0,"6":0,"7":0,"8":0,"9":0,"10":0,"11":0,"12":0,"13":0},"b":{"0":[0],"1":[0,0],"2":[0,0],"3":[0],"4":[0],"5":[0],"6":[0,0],"7":[0,0],"8":[0],"9":[0,0],"10":[0],"11":[0],"12":[0],"13":[0,0],"14":[0],"15":[0,0],"16":[0,0]}}
}
