TN:
SF:src\server.ts
FN:18,(anonymous_1)
FN:25,testDBConnection
FN:51,(anonymous_3)
FN:61,(anonymous_4)
FNF:4
FNH:0
FNDA:0,(anonymous_1)
FNDA:0,testDBConnection
FNDA:0,(anonymous_3)
FNDA:0,(anonymous_4)
DA:1,0
DA:2,0
DA:3,0
DA:4,0
DA:5,0
DA:6,0
DA:7,0
DA:8,0
DA:11,0
DA:12,0
DA:13,0
DA:15,0
DA:16,0
DA:18,0
DA:19,0
DA:23,0
DA:26,0
DA:27,0
DA:28,0
DA:30,0
DA:34,0
DA:37,0
DA:38,0
DA:39,0
DA:41,0
DA:42,0
DA:45,0
DA:48,0
DA:51,0
DA:52,0
DA:53,0
DA:54,0
DA:58,0
DA:61,0
DA:62,0
DA:63,0
LF:36
LH:0
BRDA:12,0,0,0
BRDA:12,0,1,0
BRDA:12,1,0,0
BRDA:12,1,1,0
BRDA:13,2,0,0
BRDA:13,2,1,0
BRF:6
BRH:0
end_of_record
TN:
SF:src\api\routes.ts
FN:21,(anonymous_0)
FN:26,(anonymous_1)
FN:33,(anonymous_2)
FN:47,(anonymous_3)
FN:66,(anonymous_4)
FN:81,(anonymous_5)
FN:99,(anonymous_6)
FN:143,(anonymous_7)
FN:157,(anonymous_8)
FN:176,(anonymous_9)
FN:204,(anonymous_10)
FN:235,(anonymous_11)
FN:253,(anonymous_12)
FN:280,(anonymous_13)
FNF:14
FNH:0
FNDA:0,(anonymous_0)
FNDA:0,(anonymous_1)
FNDA:0,(anonymous_2)
FNDA:0,(anonymous_3)
FNDA:0,(anonymous_4)
FNDA:0,(anonymous_5)
FNDA:0,(anonymous_6)
FNDA:0,(anonymous_7)
FNDA:0,(anonymous_8)
FNDA:0,(anonymous_9)
FNDA:0,(anonymous_10)
FNDA:0,(anonymous_11)
FNDA:0,(anonymous_12)
FNDA:0,(anonymous_13)
DA:1,0
DA:2,0
DA:3,0
DA:4,0
DA:5,0
DA:14,0
DA:16,0
DA:21,0
DA:22,0
DA:26,0
DA:27,0
DA:33,0
DA:34,0
DA:35,0
DA:36,0
DA:41,0
DA:42,0
DA:47,0
DA:48,0
DA:49,0
DA:50,0
DA:52,0
DA:53,0
DA:56,0
DA:58,0
DA:59,0
DA:66,0
DA:67,0
DA:68,0
DA:69,0
DA:70,0
DA:75,0
DA:76,0
DA:81,0
DA:82,0
DA:83,0
DA:84,0
DA:85,0
DA:87,0
DA:93,0
DA:94,0
DA:99,0
DA:100,0
DA:101,0
DA:102,0
DA:104,0
DA:105,0
DA:112,0
DA:113,0
DA:115,0
DA:135,0
DA:136,0
DA:143,0
DA:144,0
DA:145,0
DA:146,0
DA:151,0
DA:152,0
DA:157,0
DA:158,0
DA:159,0
DA:160,0
DA:162,0
DA:163,0
DA:166,0
DA:168,0
DA:169,0
DA:176,0
DA:177,0
DA:178,0
DA:180,0
DA:181,0
DA:186,0
DA:188,0
DA:189,0
DA:193,0
DA:198,0
DA:199,0
DA:204,0
DA:205,0
DA:206,0
DA:208,0
DA:209,0
DA:214,0
DA:216,0
DA:217,0
DA:222,0
DA:227,0
DA:228,0
DA:235,0
DA:236,0
DA:237,0
DA:238,0
DA:242,0
DA:247,0
DA:248,0
DA:253,0
DA:254,0
DA:255,0
DA:256,0
DA:258,0
DA:266,0
DA:272,0
DA:273,0
DA:280,0
DA:281,0
DA:282,0
DA:283,0
DA:287,0
DA:292,0
DA:293,0
DA:297,0
LF:112
LH:0
BRDA:52,0,0,0
BRDA:68,1,0,0
BRDA:68,1,1,0
BRDA:84,2,0,0
BRDA:84,2,1,0
BRDA:104,3,0,0
BRDA:129,4,0,0
BRDA:129,4,1,0
BRDA:162,5,0,0
BRDA:180,6,0,0
BRDA:180,7,0,0
BRDA:180,7,1,0
BRDA:188,8,0,0
BRDA:188,8,1,0
BRDA:194,9,0,0
BRDA:194,9,1,0
BRDA:208,10,0,0
BRDA:208,11,0,0
BRDA:208,11,1,0
BRDA:208,11,2,0
BRDA:216,12,0,0
BRDA:216,12,1,0
BRDA:237,13,0,0
BRDA:237,13,1,0
BRDA:256,14,0,0
BRDA:256,14,1,0
BRDA:282,15,0,0
BRDA:282,15,1,0
BRF:28
BRH:0
end_of_record
TN:
SF:src\config\env.ts
FNF:0
FNH:0
DA:1,0
DA:3,0
DA:5,0
DA:49,0
DA:50,0
DA:51,0
LF:6
LH:0
BRDA:7,0,0,0
BRDA:7,0,1,0
BRDA:8,1,0,0
BRDA:8,1,1,0
BRDA:9,2,0,0
BRDA:9,2,1,0
BRDA:13,3,0,0
BRDA:13,3,1,0
BRDA:14,4,0,0
BRDA:14,4,1,0
BRDA:15,5,0,0
BRDA:15,5,1,0
BRDA:16,6,0,0
BRDA:16,6,1,0
BRDA:21,7,0,0
BRDA:21,7,1,0
BRDA:22,8,0,0
BRDA:22,8,1,0
BRDA:23,9,0,0
BRDA:23,9,1,0
BRDA:24,10,0,0
BRDA:24,10,1,0
BRDA:29,11,0,0
BRDA:29,11,1,0
BRDA:32,12,0,0
BRDA:32,12,1,0
BRDA:37,13,0,0
BRDA:37,13,1,0
BRDA:41,14,0,0
BRDA:41,14,1,0
BRDA:49,15,0,0
BRDA:50,16,0,0
BRF:32
BRH:0
end_of_record
TN:
SF:src\ocpp\handlers.ts
FN:3,handleBootNotification
FN:13,handleStartStop
FNF:2
FNH:0
FNDA:0,handleBootNotification
FNDA:0,handleStartStop
DA:1,0
DA:3,0
DA:4,0
DA:6,0
DA:13,0
DA:14,0
DA:18,0
DA:20,0
DA:21,0
DA:26,0
DA:27,0
DA:36,0
LF:12
LH:0
BRDA:20,0,0,0
BRDA:20,0,1,0
BRDA:26,1,0,0
BRF:3
BRH:0
end_of_record
TN:
SF:src\services\db.ts
FN:18,(anonymous_1)
FN:22,(anonymous_2)
FNF:2
FNH:0
FNDA:0,(anonymous_1)
FNDA:0,(anonymous_2)
DA:1,0
DA:2,0
DA:4,0
DA:17,0
DA:19,0
DA:20,0
DA:23,0
LF:7
LH:0
BRF:0
BRH:0
end_of_record
TN:
SF:src\services\firebase.ts
FN:10,initializeFirebase
FN:38,sendPushNotificationFirebase
FN:84,sendMulticastNotification
FN:142,(anonymous_4)
FN:167,subscribeToTopic
FN:191,isValidToken
FNF:6
FNH:0
FNDA:0,initializeFirebase
FNDA:0,sendPushNotificationFirebase
FNDA:0,sendMulticastNotification
FNDA:0,(anonymous_4)
FNDA:0,subscribeToTopic
FNDA:0,isValidToken
DA:1,0
DA:2,0
DA:8,0
DA:10,0
DA:11,0
DA:12,0
DA:13,0
DA:16,0
DA:17,0
DA:19,0
DA:20,0
DA:23,0
DA:27,0
DA:28,0
DA:30,0
DA:31,0
DA:38,0
DA:49,0
DA:50,0
DA:53,0
DA:65,0
DA:66,0
DA:67,0
DA:68,0
DA:73,0
DA:74,0
DA:84,0
DA:95,0
DA:96,0
DA:99,0
DA:100,0
DA:101,0
DA:107,0
DA:118,0
DA:120,0
DA:121,0
DA:122,0
DA:124,0
DA:125,0
DA:126,0
DA:130,0
DA:131,0
DA:133,0
DA:134,0
DA:138,0
DA:140,0
DA:141,0
DA:142,0
DA:143,0
DA:144,0
DA:149,0
DA:156,0
DA:157,0
DA:167,0
DA:168,0
DA:169,0
DA:172,0
DA:173,0
DA:174,0
DA:175,0
DA:180,0
DA:181,0
DA:191,0
DA:192,0
DA:193,0
DA:196,0
DA:198,0
DA:202,0
DA:204,0
DA:205,0
DA:209,0
LF:71
LH:0
BRDA:11,0,0,0
BRDA:19,1,0,0
BRDA:42,2,0,0
BRDA:49,3,0,0
BRDA:88,4,0,0
BRDA:95,5,0,0
BRDA:99,6,0,0
BRDA:140,7,0,0
BRDA:143,8,0,0
BRDA:168,9,0,0
BRDA:192,10,0,0
BRF:11
BRH:0
end_of_record
TN:
SF:src\services\notifications.ts
FN:8,sendNotificationToUser
FN:35,(anonymous_1)
FN:68,registerDeviceToken
FN:103,deactivateDeviceToken
FNF:4
FNH:4
FNDA:5,sendNotificationToUser
FNDA:4,(anonymous_1)
FNDA:4,registerDeviceToken
FNDA:2,deactivateDeviceToken
DA:1,1
DA:2,1
DA:8,1
DA:19,5
DA:21,5
DA:26,5
DA:27,1
DA:28,1
DA:35,4
DA:38,3
DA:46,2
DA:47,2
DA:48,3
DA:55,2
DA:57,2
DA:58,2
DA:68,1
DA:75,4
DA:77,4
DA:85,4
DA:86,3
DA:87,3
DA:92,1
DA:93,1
DA:103,1
DA:104,2
DA:105,2
DA:109,1
DA:110,1
DA:112,1
DA:113,1
LF:31
LH:31
BRDA:12,0,0,4
BRDA:26,1,0,1
BRDA:46,2,0,2
BRF:3
BRH:3
end_of_record
TN:
SF:src\services\ruleEngine.ts
FN:52,(anonymous_0)
FN:55,(anonymous_1)
FN:78,(anonymous_2)
FN:82,(anonymous_3)
FN:90,(anonymous_4)
FN:93,(anonymous_5)
FN:121,(anonymous_6)
FN:125,(anonymous_7)
FN:134,(anonymous_8)
FN:157,(anonymous_9)
FN:166,(anonymous_10)
FN:189,(anonymous_11)
FN:198,(anonymous_12)
FN:222,(anonymous_13)
FN:234,(anonymous_14)
FN:249,(anonymous_15)
FN:267,(anonymous_16)
FN:275,(anonymous_17)
FN:282,(anonymous_18)
FN:284,(anonymous_19)
FNF:20
FNH:11
FNDA:30,(anonymous_0)
FNDA:35,(anonymous_1)
FNDA:0,(anonymous_2)
FNDA:0,(anonymous_3)
FNDA:30,(anonymous_4)
FNDA:29,(anonymous_5)
FNDA:0,(anonymous_6)
FNDA:0,(anonymous_7)
FNDA:27,(anonymous_8)
FNDA:0,(anonymous_9)
FNDA:22,(anonymous_10)
FNDA:0,(anonymous_11)
FNDA:18,(anonymous_12)
FNDA:0,(anonymous_13)
FNDA:30,(anonymous_14)
FNDA:35,(anonymous_15)
FNDA:1,(anonymous_16)
FNDA:3,(anonymous_17)
FNDA:0,(anonymous_18)
FNDA:0,(anonymous_19)
DA:53,30
DA:56,35
DA:57,22
DA:60,13
DA:61,6
DA:75,7
DA:79,0
DA:83,0
DA:91,30
DA:94,29
DA:95,26
DA:98,3
DA:99,3
DA:100,3
DA:101,3
DA:103,3
DA:104,2
DA:118,1
DA:122,0
DA:126,0
DA:135,27
DA:136,16
DA:139,11
DA:140,5
DA:154,6
DA:158,0
DA:168,22
DA:171,22
DA:172,18
DA:175,4
DA:190,0
DA:199,18
DA:200,12
DA:203,6
DA:204,4
DA:219,2
DA:223,0
DA:231,2
DA:232,30
DA:236,30
DA:250,35
DA:252,35
DA:253,131
DA:254,131
DA:255,21
DA:256,21
DA:260,14
DA:261,14
DA:268,1
DA:269,1
DA:276,3
DA:283,0
DA:284,0
DA:285,0
DA:290,2
LF:55
LH:45
BRDA:56,0,0,22
BRDA:56,1,0,35
BRDA:56,1,1,17
BRDA:60,2,0,6
BRDA:68,3,0,6
BRDA:68,3,1,0
BRDA:94,4,0,26
BRDA:94,5,0,29
BRDA:94,5,1,11
BRDA:103,6,0,2
BRDA:103,7,0,3
BRDA:103,7,1,3
BRDA:111,8,0,2
BRDA:111,8,1,0
BRDA:135,9,0,16
BRDA:139,10,0,5
BRDA:168,11,0,22
BRDA:168,11,1,6
BRDA:168,11,2,22
BRDA:171,12,0,18
BRDA:182,13,0,4
BRDA:182,13,1,0
BRDA:199,14,0,12
BRDA:203,15,0,4
BRDA:254,16,0,21
BRDA:254,17,0,131
BRDA:254,17,1,21
BRF:27
BRH:24
end_of_record
TN:
SF:src\services\steve.ts
FN:19,(anonymous_1)
FN:23,(anonymous_2)
FN:66,getAllChargePoints
FN:79,getChargePointById
FN:96,getActiveTransactions
FN:124,getAllTransactions
FN:152,getTransactionsByChargePoint
FN:184,getUserByTag
FN:212,getAllUsers
FN:217,(anonymous_10)
FN:235,getUsersInTransaction
FN:245,(anonymous_12)
FN:263,getActiveTransactionByUser
FN:296,getTransactionMeterValues
FN:305,getChargePointStatusUpdates
FNF:15
FNH:0
FNDA:0,(anonymous_1)
FNDA:0,(anonymous_2)
FNDA:0,getAllChargePoints
FNDA:0,getChargePointById
FNDA:0,getActiveTransactions
FNDA:0,getAllTransactions
FNDA:0,getTransactionsByChargePoint
FNDA:0,getUserByTag
FNDA:0,getAllUsers
FNDA:0,(anonymous_10)
FNDA:0,getUsersInTransaction
FNDA:0,(anonymous_12)
FNDA:0,getActiveTransactionByUser
FNDA:0,getTransactionMeterValues
FNDA:0,getChargePointStatusUpdates
DA:1,0
DA:2,0
DA:5,0
DA:18,0
DA:20,0
DA:21,0
DA:24,0
DA:66,0
DA:67,0
DA:68,0
DA:69,0
DA:71,0
DA:72,0
DA:79,0
DA:80,0
DA:81,0
DA:85,0
DA:86,0
DA:88,0
DA:89,0
DA:96,0
DA:97,0
DA:98,0
DA:114,0
DA:116,0
DA:117,0
DA:124,0
DA:125,0
DA:126,0
DA:142,0
DA:144,0
DA:145,0
DA:152,0
DA:156,0
DA:157,0
DA:174,0
DA:176,0
DA:177,0
DA:184,0
DA:185,0
DA:186,0
DA:190,0
DA:191,0
DA:192,0
DA:202,0
DA:204,0
DA:205,0
DA:212,0
DA:213,0
DA:214,0
DA:217,0
DA:227,0
DA:228,0
DA:235,0
DA:236,0
DA:237,0
DA:245,0
DA:255,0
DA:256,0
DA:263,0
DA:264,0
DA:265,0
DA:286,0
DA:288,0
DA:289,0
DA:296,0
DA:299,0
DA:305,0
DA:306,0
DA:307,0
DA:319,0
DA:321,0
DA:322,0
LF:73
LH:0
BRDA:86,0,0,0
BRDA:86,0,1,0
BRDA:124,1,0,0
BRDA:154,2,0,0
BRDA:191,3,0,0
BRDA:286,4,0,0
BRDA:286,4,1,0
BRDA:305,5,0,0
BRF:8
BRH:0
end_of_record
TN:
SF:src\services\sync.ts
FN:26,initializePolling
FN:30,(anonymous_10)
FN:33,(anonymous_11)
FN:34,(anonymous_12)
FN:41,stopPolling
FN:51,pollTransactions
FN:82,handleNewTransaction
FN:122,handleTransactionUpdate
FN:155,handleCompletedTransactions
FN:161,(anonymous_18)
FN:181,getCompletedTransaction
FN:183,(anonymous_20)
FN:210,handleCompletedTransaction
FN:256,getPollingStatus
FNF:14
FNH:0
FNDA:0,initializePolling
FNDA:0,(anonymous_10)
FNDA:0,(anonymous_11)
FNDA:0,(anonymous_12)
FNDA:0,stopPolling
FNDA:0,pollTransactions
FNDA:0,handleNewTransaction
FNDA:0,handleTransactionUpdate
FNDA:0,handleCompletedTransactions
FNDA:0,(anonymous_18)
FNDA:0,getCompletedTransaction
FNDA:0,(anonymous_20)
FNDA:0,handleCompletedTransaction
FNDA:0,getPollingStatus
DA:1,0
DA:2,0
DA:9,0
DA:10,0
DA:20,0
DA:21,0
DA:26,0
DA:27,0
DA:30,0
DA:33,0
DA:34,0
DA:41,0
DA:42,0
DA:43,0
DA:44,0
DA:52,0
DA:53,0
DA:55,0
DA:56,0
DA:59,0
DA:60,0
DA:61,0
DA:68,0
DA:73,0
DA:75,0
DA:83,0
DA:85,0
DA:87,0
DA:89,0
DA:96,0
DA:97,0
DA:112,0
DA:115,0
DA:123,0
DA:124,0
DA:126,0
DA:129,0
DA:131,0
DA:132,0
DA:133,0
DA:136,0
DA:137,0
DA:138,0
DA:139,0
DA:145,0
DA:146,0
DA:157,0
DA:160,0
DA:161,0
DA:164,0
DA:165,0
DA:166,0
DA:168,0
DA:169,0
DA:173,0
DA:182,0
DA:183,0
DA:200,0
DA:202,0
DA:203,0
DA:211,0
DA:213,0
DA:215,0
DA:216,0
DA:221,0
DA:228,0
DA:229,0
DA:246,0
DA:249,0
DA:256,0
DA:257,0
LF:71
LH:0
BRDA:42,0,0,0
BRDA:59,1,0,0
BRDA:59,1,1,0
BRDA:64,2,0,0
BRDA:64,2,1,0
BRDA:87,3,0,0
BRDA:126,4,0,0
BRDA:131,5,0,0
BRDA:131,6,0,0
BRDA:131,6,1,0
BRDA:133,7,0,0
BRDA:133,7,1,0
BRDA:136,8,0,0
BRDA:136,9,0,0
BRDA:136,9,1,0
BRDA:138,10,0,0
BRDA:165,11,0,0
BRDA:168,12,0,0
BRDA:200,13,0,0
BRDA:200,13,1,0
BRDA:215,14,0,0
BRDA:216,15,0,0
BRDA:216,15,1,0
BRDA:217,16,0,0
BRDA:217,16,1,0
BRF:25
BRH:0
end_of_record
